[2016-12-28 11:02:11] /shop/ybkapi.php?act=ybkapi&op=order&order_sn=8001216752411507 ( act=ybkapi&op=order ) 
ERR: Db Error: Unknown character set: 'gbk'
SELECT * FROM `33hao_web_channel` WHERE ( channel_show = '1' ) ORDER BY convert(channel_name using gbk) asc,channel_id desc LIMIT 1000  
[2016-12-28 11:02:11] /shop/ybkapi.php?act=ybkapi&op=order&order_sn=8001216752411507 ( act=ybkapi&op=order ) 
ERR: Db Error: You have an error in your SQL syntax; check the manual that corresponds to your MySQL server version for the right syntax to use near 'LIMIT 1000' at line 1
SELECT goods_id,goods_name,goods_pay_price,goods_num,goods_image FROM `33hao_order_goods` WHERE order_id = LIMIT 1000  
[2016-12-28 11:02:11] /shop/ybkapi.php?act=ybkapi&op=order&order_sn=8001216752411507 ( act=ybkapi&op=order ) 
ERR: Db Error: You have an error in your SQL syntax; check the manual that corresponds to your MySQL server version for the right syntax to use near 'LIMIT 1' at line 1
SELECT * FROM `33hao_order_common` WHERE order_id= LIMIT 1  
[2016-12-28 11:02:11] /favicon.ico ( act=index&op=index ) 
ERR: Db Error: Unknown character set: 'gbk'
SELECT * FROM `33hao_web_channel` WHERE ( channel_show = '1' ) ORDER BY convert(channel_name using gbk) asc,channel_id desc LIMIT 1000  
[2016-12-28 11:02:12] /favicon.ico ( act=index&op=index ) 
ERR: Db Error: Unknown character set: 'gbk'
SELECT * FROM `33hao_web_channel` WHERE ( channel_show = '1' ) ORDER BY convert(channel_name using gbk) asc,channel_id desc LIMIT 1000  
[2016-12-28 11:02:23] /shop/ybkapi.php?act=ybkapi&op=order&order_sn=8001216752411507&member_id=123 ( act=ybkapi&op=order ) 
ERR: Db Error: Unknown character set: 'gbk'
SELECT * FROM `33hao_web_channel` WHERE ( channel_show = '1' ) ORDER BY convert(channel_name using gbk) asc,channel_id desc LIMIT 1000  
[2016-12-28 11:02:23] /shop/ybkapi.php?act=ybkapi&op=order&order_sn=8001216752411507&member_id=123 ( act=ybkapi&op=order ) 
ERR: Db Error: You have an error in your SQL syntax; check the manual that corresponds to your MySQL server version for the right syntax to use near 'LIMIT 1000' at line 1
SELECT goods_id,goods_name,goods_pay_price,goods_num,goods_image FROM `33hao_order_goods` WHERE order_id = LIMIT 1000  
[2016-12-28 11:02:23] /shop/ybkapi.php?act=ybkapi&op=order&order_sn=8001216752411507&member_id=123 ( act=ybkapi&op=order ) 
ERR: Db Error: You have an error in your SQL syntax; check the manual that corresponds to your MySQL server version for the right syntax to use near 'LIMIT 1' at line 1
SELECT * FROM `33hao_order_common` WHERE order_id= LIMIT 1  
[2016-12-28 11:02:28] /shop/ybkapi.php?act=ybkapi&op=order&order_sn=8001216752411507&member_id=47 ( act=ybkapi&op=order ) 
ERR: Db Error: Unknown character set: 'gbk'
SELECT * FROM `33hao_web_channel` WHERE ( channel_show = '1' ) ORDER BY convert(channel_name using gbk) asc,channel_id desc LIMIT 1000  
[2016-12-28 11:02:38] /shop/ybkapi.php?act=ybkapi&op=order&order_sn=8001216752411507&member_id=47 ( act=ybkapi&op=order ) 
ERR: Db Error: Unknown character set: 'gbk'
SELECT * FROM `33hao_web_channel` WHERE ( channel_show = '1' ) ORDER BY convert(channel_name using gbk) asc,channel_id desc LIMIT 1000  
[2016-12-28 11:03:54] /shop/ybkapi.php?act=ybkapi&op=order&order_sn=8001216752411507&member_id=47 ( act=ybkapi&op=order ) 
ERR: Db Error: Unknown character set: 'gbk'
SELECT * FROM `33hao_web_channel` WHERE ( channel_show = '1' ) ORDER BY convert(channel_name using gbk) asc,channel_id desc LIMIT 1000  
[2016-12-28 11:06:58] /shop/ybkapi.php?act=ybkapi&op=order&order_sn=8001216752411507&member_id=47 ( act=ybkapi&op=order ) 
ERR: Db Error: Unknown character set: 'gbk'
SELECT * FROM `33hao_web_channel` WHERE ( channel_show = '1' ) ORDER BY convert(channel_name using gbk) asc,channel_id desc LIMIT 1000  
[2016-12-28 11:09:07] /shop/ybkapi.php?act=ybkapi&op=orderlist&order_sn=8001216752411507&member_id=47 ( act=ybkapi&op=orderlist ) 
ERR: Db Error: Unknown character set: 'gbk'
SELECT * FROM `33hao_web_channel` WHERE ( channel_show = '1' ) ORDER BY convert(channel_name using gbk) asc,channel_id desc LIMIT 1000  
[2016-12-28 11:13:15] /shop/ybkapi.php?act=ybkapi&op=updateorder ( act=ybkapi&op=updateorder ) 
ERR: Db Error: Unknown character set: 'gbk'
SELECT * FROM `33hao_web_channel` WHERE ( channel_show = '1' ) ORDER BY convert(channel_name using gbk) asc,channel_id desc LIMIT 1000  
[2016-12-28 11:16:36] /shop/ybkapi.php?act=ybkapi&op=orderlist&order_sn=8001216752411507&member_id=47 ( act=ybkapi&op=orderlist ) 
ERR: Db Error: Unknown character set: 'gbk'
SELECT * FROM `33hao_web_channel` WHERE ( channel_show = '1' ) ORDER BY convert(channel_name using gbk) asc,channel_id desc LIMIT 1000  
[2016-12-28 11:16:46] /shop/ybkapi.php?act=ybkapi&op=orderlist&order_sn=8001216752411507&member_id=47&token=123 ( act=ybkapi&op=orderlist ) 
ERR: Db Error: Unknown character set: 'gbk'
SELECT * FROM `33hao_web_channel` WHERE ( channel_show = '1' ) ORDER BY convert(channel_name using gbk) asc,channel_id desc LIMIT 1000  
[2016-12-28 11:16:48] /shop/ybkapi.php?act=ybkapi&op=orderlist&order_sn=8001216752411507&member_id=47&token=123 ( act=ybkapi&op=orderlist ) 
ERR: Db Error: Unknown character set: 'gbk'
SELECT * FROM `33hao_web_channel` WHERE ( channel_show = '1' ) ORDER BY convert(channel_name using gbk) asc,channel_id desc LIMIT 1000  
[2016-12-28 11:16:50] /shop/ybkapi.php?act=ybkapi&op=orderlist&order_sn=8001216752411507&member_id=47&token=123 ( act=ybkapi&op=orderlist ) 
ERR: Db Error: Unknown character set: 'gbk'
SELECT * FROM `33hao_web_channel` WHERE ( channel_show = '1' ) ORDER BY convert(channel_name using gbk) asc,channel_id desc LIMIT 1000  
[2016-12-28 11:17:02] /shop/ybkapi.php?act=ybkapi&op=orderlist&order_sn=8001216752411507&member_id=1&token=123 ( act=ybkapi&op=orderlist ) 
ERR: Db Error: Unknown character set: 'gbk'
SELECT * FROM `33hao_web_channel` WHERE ( channel_show = '1' ) ORDER BY convert(channel_name using gbk) asc,channel_id desc LIMIT 1000  
[2016-12-28 11:17:04] /shop/ybkapi.php?act=ybkapi&op=orderlist&order_sn=8001216752411507&member_id=1&token=123 ( act=ybkapi&op=orderlist ) 
ERR: Db Error: Unknown character set: 'gbk'
SELECT * FROM `33hao_web_channel` WHERE ( channel_show = '1' ) ORDER BY convert(channel_name using gbk) asc,channel_id desc LIMIT 1000  
[2016-12-28 11:17:09] /shop/ybkapi.php?act=ybkapi&op=orderlist&order_sn=8001216752411507&member_id=47&token=123 ( act=ybkapi&op=orderlist ) 
ERR: Db Error: Unknown character set: 'gbk'
SELECT * FROM `33hao_web_channel` WHERE ( channel_show = '1' ) ORDER BY convert(channel_name using gbk) asc,channel_id desc LIMIT 1000  
[2016-12-28 11:17:44] /shop/ybkapi.php?act=ybkapi&op=orderlist&order_sn=8001216752411507&member_id=47&token=3e63c3bc711de93f75da2c0ed0f1c68f ( act=ybkapi&op=orderlist ) 
ERR: Db Error: Unknown character set: 'gbk'
SELECT * FROM `33hao_web_channel` WHERE ( channel_show = '1' ) ORDER BY convert(channel_name using gbk) asc,channel_id desc LIMIT 1000  
[2016-12-28 11:18:18] /shop/ybkapi.php?act=ybkapi&op=orderlist&order_sn=8001216752411507&member_id=47&token=3e63c3bc711de93f75da2c0ed0f1c68f ( act=ybkapi&op=orderlist ) 
ERR: Db Error: Unknown character set: 'gbk'
SELECT * FROM `33hao_web_channel` WHERE ( channel_show = '1' ) ORDER BY convert(channel_name using gbk) asc,channel_id desc LIMIT 1000  
[2016-12-28 11:19:50] /shop/ybkapi.php?act=ybkapi&op=cartlist&order_sn=8001216752411507&member_id=47&token=3e63c3bc711de93f75da2c0ed0f1c68f ( act=ybkapi&op=cartlist ) 
ERR: Db Error: Unknown character set: 'gbk'
SELECT * FROM `33hao_web_channel` WHERE ( channel_show = '1' ) ORDER BY convert(channel_name using gbk) asc,channel_id desc LIMIT 1000  
[2016-12-28 11:19:58] /shop/ybkapi.php?act=ybkapi&op=cartlist&order_sn=8001216752411507&member_id=47&token=3e63c3bc711de93f75da2c0ed0f1c68f ( act=ybkapi&op=cartlist ) 
ERR: Db Error: Unknown character set: 'gbk'
SELECT * FROM `33hao_web_channel` WHERE ( channel_show = '1' ) ORDER BY convert(channel_name using gbk) asc,channel_id desc LIMIT 1000  
[2016-12-28 11:23:42] /shop/ybkapi.php?act=ybkapi&op=cartlist&order_sn=8001216752411507&member_id=47&token=3e63c3bc711de93f75da2c0ed0f1c68f ( act=ybkapi&op=cartlist ) 
ERR: Db Error: Unknown character set: 'gbk'
SELECT * FROM `33hao_web_channel` WHERE ( channel_show = '1' ) ORDER BY convert(channel_name using gbk) asc,channel_id desc LIMIT 1000  
[2016-12-28 11:23:51] /shop/ybkapi.php?act=ybkapi&op=orderlist&order_sn=8001216752411507&member_id=47&token=3e63c3bc711de93f75da2c0ed0f1c68f ( act=ybkapi&op=orderlist ) 
ERR: Db Error: Unknown character set: 'gbk'
SELECT * FROM `33hao_web_channel` WHERE ( channel_show = '1' ) ORDER BY convert(channel_name using gbk) asc,channel_id desc LIMIT 1000  
[2016-12-28 14:20:12] /shop/ybkapi.php?act=ybkapi&op=topay&member_id=47&token=123&method=wx&order_sn=8001228058798273 ( act=ybkapi&op=topay ) 
ERR: Db Error: Unknown character set: 'gbk'
SELECT * FROM `33hao_web_channel` WHERE ( channel_show = '1' ) ORDER BY convert(channel_name using gbk) asc,channel_id desc LIMIT 1000  
[2016-12-28 14:20:14] /shop/ybkapi.php?act=ybkapi&op=topay&member_id=47&token=123&method=wx&order_sn=8001228058798273 ( act=ybkapi&op=topay ) 
ERR: Db Error: Unknown character set: 'gbk'
SELECT * FROM `33hao_web_channel` WHERE ( channel_show = '1' ) ORDER BY convert(channel_name using gbk) asc,channel_id desc LIMIT 1000  
[2016-12-28 14:21:47] /shop/ybkapi.php?act=ybkapi&op=topay&member_id=47&token=123&method=wx&order_sn=8001228058798273 ( act=ybkapi&op=topay ) 
ERR: Db Error: Unknown character set: 'gbk'
SELECT * FROM `33hao_web_channel` WHERE ( channel_show = '1' ) ORDER BY convert(channel_name using gbk) asc,channel_id desc LIMIT 1000  
[2016-12-28 14:22:29] /shop/ybkapi.php?act=ybkapi&op=topay&member_id=47&token=123&method=wx&order_sn=8001228058798273 ( act=ybkapi&op=topay ) 
ERR: Db Error: Unknown character set: 'gbk'
SELECT * FROM `33hao_web_channel` WHERE ( channel_show = '1' ) ORDER BY convert(channel_name using gbk) asc,channel_id desc LIMIT 1000  
[2016-12-28 15:34:57] /alipay ( act=index&op=index ) 
ERR: Db Error: Unknown character set: 'gbk'
SELECT * FROM `33hao_web_channel` WHERE ( channel_show = '1' ) ORDER BY convert(channel_name using gbk) asc,channel_id desc LIMIT 1000  
[2016-12-28 15:35:03] /alipay.php ( act=ybkapi&op=alipay ) 
ERR: Db Error: Unknown character set: 'gbk'
SELECT * FROM `33hao_web_channel` WHERE ( channel_show = '1' ) ORDER BY convert(channel_name using gbk) asc,channel_id desc LIMIT 1000  
[2016-12-28 15:35:32] /alipay.php ( act=ybkapi&op=alipay ) 
ERR: Db Error: Unknown character set: 'gbk'
SELECT * FROM `33hao_web_channel` WHERE ( channel_show = '1' ) ORDER BY convert(channel_name using gbk) asc,channel_id desc LIMIT 1000  
[2016-12-28 15:35:43] /alipay.php ( act=ybkapi&op=alipay ) 
ERR: Db Error: Unknown character set: 'gbk'
SELECT * FROM `33hao_web_channel` WHERE ( channel_show = '1' ) ORDER BY convert(channel_name using gbk) asc,channel_id desc LIMIT 1000  
[2016-12-28 15:36:41] /alipay.php ( act=ybkapi&op=alipay ) 
ERR: Db Error: Unknown character set: 'gbk'
SELECT * FROM `33hao_web_channel` WHERE ( channel_show = '1' ) ORDER BY convert(channel_name using gbk) asc,channel_id desc LIMIT 1000  
[2016-12-28 15:38:21] /alipay.php ( act=ybkapi&op=alipay ) 
ERR: Db Error: Unknown character set: 'gbk'
SELECT * FROM `33hao_web_channel` WHERE ( channel_show = '1' ) ORDER BY convert(channel_name using gbk) asc,channel_id desc LIMIT 1000  
[2016-12-28 15:38:22] /alipay.php ( act=ybkapi&op=alipay ) 
ERR: Db Error: Unknown character set: 'gbk'
SELECT * FROM `33hao_web_channel` WHERE ( channel_show = '1' ) ORDER BY convert(channel_name using gbk) asc,channel_id desc LIMIT 1000  
[2016-12-28 15:40:35] /alipay.php ( act=ybkapi&op=alipay ) 
ERR: Db Error: Unknown character set: 'gbk'
SELECT * FROM `33hao_web_channel` WHERE ( channel_show = '1' ) ORDER BY convert(channel_name using gbk) asc,channel_id desc LIMIT 1000  
[2016-12-28 15:40:55] /alipay.php ( act=ybkapi&op=alipay ) 
ERR: Db Error: Unknown character set: 'gbk'
SELECT * FROM `33hao_web_channel` WHERE ( channel_show = '1' ) ORDER BY convert(channel_name using gbk) asc,channel_id desc LIMIT 1000  
[2016-12-28 15:43:03] /alipay.php ( act=ybkapi&op=alipay ) 
ERR: Db Error: Unknown character set: 'gbk'
SELECT * FROM `33hao_web_channel` WHERE ( channel_show = '1' ) ORDER BY convert(channel_name using gbk) asc,channel_id desc LIMIT 1000  
[2016-12-28 15:43:08] /alipay.php ( act=ybkapi&op=alipay ) 
ERR: Db Error: Unknown character set: 'gbk'
SELECT * FROM `33hao_web_channel` WHERE ( channel_show = '1' ) ORDER BY convert(channel_name using gbk) asc,channel_id desc LIMIT 1000  
[2016-12-28 15:43:19] /alipay.php ( act=ybkapi&op=alipay ) 
ERR: Db Error: Unknown character set: 'gbk'
SELECT * FROM `33hao_web_channel` WHERE ( channel_show = '1' ) ORDER BY convert(channel_name using gbk) asc,channel_id desc LIMIT 1000  
[2016-12-28 15:43:34] /alipay.php ( act=ybkapi&op=alipay ) 
ERR: Db Error: Unknown character set: 'gbk'
SELECT * FROM `33hao_web_channel` WHERE ( channel_show = '1' ) ORDER BY convert(channel_name using gbk) asc,channel_id desc LIMIT 1000  
[2016-12-28 15:44:23] /alipay.php ( act=ybkapi&op=alipay ) 
ERR: Db Error: Unknown character set: 'gbk'
SELECT * FROM `33hao_web_channel` WHERE ( channel_show = '1' ) ORDER BY convert(channel_name using gbk) asc,channel_id desc LIMIT 1000  
[2016-12-28 15:44:31] /alipay.php ( act=ybkapi&op=alipay ) 
ERR: Db Error: Unknown character set: 'gbk'
SELECT * FROM `33hao_web_channel` WHERE ( channel_show = '1' ) ORDER BY convert(channel_name using gbk) asc,channel_id desc LIMIT 1000  
[2016-12-28 15:44:32] /alipay.php ( act=ybkapi&op=alipay ) 
ERR: Db Error: Unknown character set: 'gbk'
SELECT * FROM `33hao_web_channel` WHERE ( channel_show = '1' ) ORDER BY convert(channel_name using gbk) asc,channel_id desc LIMIT 1000  
[2016-12-28 15:46:18] /alipay.php ( act=ybkapi&op=alipay ) 
ERR: Db Error: Unknown character set: 'gbk'
SELECT * FROM `33hao_web_channel` WHERE ( channel_show = '1' ) ORDER BY convert(channel_name using gbk) asc,channel_id desc LIMIT 1000  
[2016-12-28 15:46:36] /alipay.php ( act=ybkapi&op=alipay ) 
ERR: Db Error: Unknown character set: 'gbk'
SELECT * FROM `33hao_web_channel` WHERE ( channel_show = '1' ) ORDER BY convert(channel_name using gbk) asc,channel_id desc LIMIT 1000  
[2016-12-28 15:46:59] /alipay.php ( act=ybkapi&op=alipay ) 
ERR: Db Error: Unknown character set: 'gbk'
SELECT * FROM `33hao_web_channel` WHERE ( channel_show = '1' ) ORDER BY convert(channel_name using gbk) asc,channel_id desc LIMIT 1000  
[2016-12-28 15:48:23] /alipay.php?ls=ok ( act=ybkapi&op=alipay ) 
ERR: Db Error: Unknown character set: 'gbk'
SELECT * FROM `33hao_web_channel` WHERE ( channel_show = '1' ) ORDER BY convert(channel_name using gbk) asc,channel_id desc LIMIT 1000  
[2016-12-28 15:48:25] /alipay.php?ls=ok ( act=ybkapi&op=alipay ) 
ERR: Db Error: Unknown character set: 'gbk'
SELECT * FROM `33hao_web_channel` WHERE ( channel_show = '1' ) ORDER BY convert(channel_name using gbk) asc,channel_id desc LIMIT 1000  
[2016-12-28 16:34:05] /alipay.php ( act=ybkapi&op=alipay ) 
ERR: Db Error: Unknown character set: 'gbk'
SELECT * FROM `33hao_web_channel` WHERE ( channel_show = '1' ) ORDER BY convert(channel_name using gbk) asc,channel_id desc LIMIT 1000  
[2016-12-28 16:34:15] /alipay.php ( act=ybkapi&op=alipay ) 
ERR: Db Error: Unknown character set: 'gbk'
SELECT * FROM `33hao_web_channel` WHERE ( channel_show = '1' ) ORDER BY convert(channel_name using gbk) asc,channel_id desc LIMIT 1000  
[2016-12-28 17:39:35] /alipay.php ( act=ybkapi&op=alipay ) 
ERR: Db Error: Unknown character set: 'gbk'
SELECT * FROM `33hao_web_channel` WHERE ( channel_show = '1' ) ORDER BY convert(channel_name using gbk) asc,channel_id desc LIMIT 1000  
[2016-12-28 17:39:47] /alipay.php ( act=ybkapi&op=alipay ) 
ERR: Db Error: Unknown character set: 'gbk'
SELECT * FROM `33hao_web_channel` WHERE ( channel_show = '1' ) ORDER BY convert(channel_name using gbk) asc,channel_id desc LIMIT 1000  
[2016-12-28 17:40:07] /alipay.php ( act=ybkapi&op=alipay ) 
ERR: Db Error: Unknown character set: 'gbk'
SELECT * FROM `33hao_web_channel` WHERE ( channel_show = '1' ) ORDER BY convert(channel_name using gbk) asc,channel_id desc LIMIT 1000  
[2016-12-28 17:40:42] /alipay.php ( act=ybkapi&op=alipay ) 
ERR: Db Error: Unknown character set: 'gbk'
SELECT * FROM `33hao_web_channel` WHERE ( channel_show = '1' ) ORDER BY convert(channel_name using gbk) asc,channel_id desc LIMIT 1000  
[2016-12-28 17:40:42] /alipay.php ( act=ybkapi&op=alipay ) 
ERR: Db Error: You have an error in your SQL syntax; check the manual that corresponds to your MySQL server version for the right syntax to use near 'LIMIT 1' at line 1
SELECT * FROM `33hao_order` WHERE pay_sn = { LIMIT 1  
[2016-12-28 17:41:02] /alipay.php ( act=ybkapi&op=alipay ) 
ERR: Db Error: Unknown character set: 'gbk'
SELECT * FROM `33hao_web_channel` WHERE ( channel_show = '1' ) ORDER BY convert(channel_name using gbk) asc,channel_id desc LIMIT 1000  
[2016-12-28 17:49:04] /alipay.php ( act=ybkapi&op=alipay ) 
ERR: Db Error: Unknown character set: 'gbk'
SELECT * FROM `33hao_web_channel` WHERE ( channel_show = '1' ) ORDER BY convert(channel_name using gbk) asc,channel_id desc LIMIT 1000  
