[2016-12-08 09:07:54] /shop/ybkapi.php?act=ybkapi&op=goodslist&member_id=47 ( act=ybkapi&op=goodslist ) 
ERR: Db Error: Unknown character set: 'gbk'
SELECT * FROM `33hao_web_channel` WHERE ( channel_show = '1' ) ORDER BY convert(channel_name using gbk) asc,channel_id desc LIMIT 1000  
[2016-12-08 09:07:55] /favicon.ico ( act=index&op=index ) 
ERR: Db Error: Unknown character set: 'gbk'
SELECT * FROM `33hao_web_channel` WHERE ( channel_show = '1' ) ORDER BY convert(channel_name using gbk) asc,channel_id desc LIMIT 1000  
[2016-12-08 09:07:55] /favicon.ico ( act=index&op=index ) 
ERR: Db Error: Unknown character set: 'gbk'
SELECT * FROM `33hao_web_channel` WHERE ( channel_show = '1' ) ORDER BY convert(channel_name using gbk) asc,channel_id desc LIMIT 1000  
[2016-12-08 09:08:02] /shop/ybkapi.php?act=ybkapi&op=goodslist&member_id=47 ( act=ybkapi&op=goodslist ) 
ERR: Db Error: Unknown character set: 'gbk'
SELECT * FROM `33hao_web_channel` WHERE ( channel_show = '1' ) ORDER BY convert(channel_name using gbk) asc,channel_id desc LIMIT 1000  
[2016-12-08 09:08:10] /shop/ybkapi.php?act=ybkapi&op=goodslist&member_id=47 ( act=ybkapi&op=goodslist ) 
ERR: Db Error: Unknown character set: 'gbk'
SELECT * FROM `33hao_web_channel` WHERE ( channel_show = '1' ) ORDER BY convert(channel_name using gbk) asc,channel_id desc LIMIT 1000  
[2016-12-08 09:08:22] /shop/ybkapi.php?act=ybkapi&op=goodslist&goods_page=6 ( act=ybkapi&op=goodslist ) 
ERR: Db Error: Unknown character set: 'gbk'
SELECT * FROM `33hao_web_channel` WHERE ( channel_show = '1' ) ORDER BY convert(channel_name using gbk) asc,channel_id desc LIMIT 1000  
[2016-12-08 09:09:17] /shop/ybkapi.php?act=ybkapi&op=goodslist&goods_page=6 ( act=ybkapi&op=goodslist ) 
ERR: Db Error: Unknown character set: 'gbk'
SELECT * FROM `33hao_web_channel` WHERE ( channel_show = '1' ) ORDER BY convert(channel_name using gbk) asc,channel_id desc LIMIT 1000  
[2016-12-08 09:09:23] /shop/ybkapi.php?act=ybkapi&op=goodslist&goods_page=6 ( act=ybkapi&op=goodslist ) 
ERR: Db Error: Unknown character set: 'gbk'
SELECT * FROM `33hao_web_channel` WHERE ( channel_show = '1' ) ORDER BY convert(channel_name using gbk) asc,channel_id desc LIMIT 1000  
[2016-12-08 09:10:14] /shop/ybkapi.php?act=ybkapi&op=goodslist&goods_page=6 ( act=ybkapi&op=goodslist ) 
ERR: Db Error: Unknown character set: 'gbk'
SELECT * FROM `33hao_web_channel` WHERE ( channel_show = '1' ) ORDER BY convert(channel_name using gbk) asc,channel_id desc LIMIT 1000  
[2016-12-08 09:10:23] /shop/ybkapi.php?act=ybkapi&op=goodslist&goods_page=6 ( act=ybkapi&op=goodslist ) 
ERR: Db Error: Unknown character set: 'gbk'
SELECT * FROM `33hao_web_channel` WHERE ( channel_show = '1' ) ORDER BY convert(channel_name using gbk) asc,channel_id desc LIMIT 1000  
[2016-12-08 09:10:33] /shop/ybkapi.php?act=ybkapi&op=goodslist&goods_page=6 ( act=ybkapi&op=goodslist ) 
ERR: Db Error: Unknown character set: 'gbk'
SELECT * FROM `33hao_web_channel` WHERE ( channel_show = '1' ) ORDER BY convert(channel_name using gbk) asc,channel_id desc LIMIT 1000  
[2016-12-08 09:20:00] /shop/ybkapi.php?act=ybkapi&op=updatememberinfo ( act=ybkapi&op=updatememberinfo ) 
ERR: Db Error: Unknown character set: 'gbk'
SELECT * FROM `33hao_web_channel` WHERE ( channel_show = '1' ) ORDER BY convert(channel_name using gbk) asc,channel_id desc LIMIT 1000  
[2016-12-08 09:22:10] /shop/ybkapi.php?act=ybkapi&op=updatememberinfo&member_id=47&token=123&member_name=%E6%98%B5%E7%A7%B0 ( act=ybkapi&op=updatememberinfo ) 
ERR: Db Error: Unknown character set: 'gbk'
SELECT * FROM `33hao_web_channel` WHERE ( channel_show = '1' ) ORDER BY convert(channel_name using gbk) asc,channel_id desc LIMIT 1000  
[2016-12-08 14:49:30] /shop/ybkapi.php ( act=index&op=index ) 
ERR: Db Error: Unknown character set: 'gbk'
SELECT * FROM `33hao_web_channel` WHERE ( channel_show = '1' ) ORDER BY convert(channel_name using gbk) asc,channel_id desc LIMIT 1000  
[2016-12-08 14:49:59] /shop/ybkapi.php?act=ybkapi&op=settlement ( act=ybkapi&op=settlement ) 
ERR: Db Error: Unknown character set: 'gbk'
SELECT * FROM `33hao_web_channel` WHERE ( channel_show = '1' ) ORDER BY convert(channel_name using gbk) asc,channel_id desc LIMIT 1000  
[2016-12-08 14:57:50] /shop/ybkapi.php?act=ybkapi&op=settlement ( act=ybkapi&op=settlement ) 
ERR: Db Error: Unknown character set: 'gbk'
SELECT * FROM `33hao_web_channel` WHERE ( channel_show = '1' ) ORDER BY convert(channel_name using gbk) asc,channel_id desc LIMIT 1000  
[2016-12-08 14:58:23] /shop/ybkapi.php?act=ybkapi&op=settlement ( act=ybkapi&op=settlement ) 
ERR: Db Error: Unknown character set: 'gbk'
SELECT * FROM `33hao_web_channel` WHERE ( channel_show = '1' ) ORDER BY convert(channel_name using gbk) asc,channel_id desc LIMIT 1000  
[2016-12-08 14:59:20] /shop/ybkapi.php?act=ybkapi&op=settlement ( act=ybkapi&op=settlement ) 
ERR: Db Error: Unknown character set: 'gbk'
SELECT * FROM `33hao_web_channel` WHERE ( channel_show = '1' ) ORDER BY convert(channel_name using gbk) asc,channel_id desc LIMIT 1000  
[2016-12-08 15:00:26] /shop/ybkapi.php?act=ybkapi&op=settlement ( act=ybkapi&op=settlement ) 
ERR: Db Error: Unknown character set: 'gbk'
SELECT * FROM `33hao_web_channel` WHERE ( channel_show = '1' ) ORDER BY convert(channel_name using gbk) asc,channel_id desc LIMIT 1000  
[2016-12-08 15:00:40] /shop/ybkapi.php?act=ybkapi&op=settlement ( act=ybkapi&op=settlement ) 
ERR: Db Error: Unknown character set: 'gbk'
SELECT * FROM `33hao_web_channel` WHERE ( channel_show = '1' ) ORDER BY convert(channel_name using gbk) asc,channel_id desc LIMIT 1000  
[2016-12-08 15:02:28] /shop/ybkapi.php?act=ybkapi&op=settlement ( act=ybkapi&op=settlement ) 
ERR: Db Error: Unknown character set: 'gbk'
SELECT * FROM `33hao_web_channel` WHERE ( channel_show = '1' ) ORDER BY convert(channel_name using gbk) asc,channel_id desc LIMIT 1000  
[2016-12-08 15:02:37] /shop/ybkapi.php?act=ybkapi&op=settlement ( act=ybkapi&op=settlement ) 
ERR: Db Error: Unknown character set: 'gbk'
SELECT * FROM `33hao_web_channel` WHERE ( channel_show = '1' ) ORDER BY convert(channel_name using gbk) asc,channel_id desc LIMIT 1000  
[2016-12-08 15:03:06] /shop/ybkapi.php?act=ybkapi&op=settlement ( act=ybkapi&op=settlement ) 
ERR: Db Error: Unknown character set: 'gbk'
SELECT * FROM `33hao_web_channel` WHERE ( channel_show = '1' ) ORDER BY convert(channel_name using gbk) asc,channel_id desc LIMIT 1000  
[2016-12-08 15:03:09] /shop/ybkapi.php?act=ybkapi&op=settlement ( act=ybkapi&op=settlement ) 
ERR: Db Error: Unknown character set: 'gbk'
SELECT * FROM `33hao_web_channel` WHERE ( channel_show = '1' ) ORDER BY convert(channel_name using gbk) asc,channel_id desc LIMIT 1000  
[2016-12-08 15:04:14] /shop/ybkapi.php?act=ybkapi&op=settlement ( act=ybkapi&op=settlement ) 
ERR: Db Error: Unknown character set: 'gbk'
SELECT * FROM `33hao_web_channel` WHERE ( channel_show = '1' ) ORDER BY convert(channel_name using gbk) asc,channel_id desc LIMIT 1000  
[2016-12-08 15:04:17] /shop/ybkapi.php?act=ybkapi&op=settlement ( act=ybkapi&op=settlement ) 
ERR: Db Error: Unknown character set: 'gbk'
SELECT * FROM `33hao_web_channel` WHERE ( channel_show = '1' ) ORDER BY convert(channel_name using gbk) asc,channel_id desc LIMIT 1000  
[2016-12-08 15:04:47] /shop/ybkapi.php?act=ybkapi&op=settlement ( act=ybkapi&op=settlement ) 
ERR: Db Error: Unknown character set: 'gbk'
SELECT * FROM `33hao_web_channel` WHERE ( channel_show = '1' ) ORDER BY convert(channel_name using gbk) asc,channel_id desc LIMIT 1000  
[2016-12-08 15:04:59] /shop/ybkapi.php?act=ybkapi&op=settlement ( act=ybkapi&op=settlement ) 
ERR: Db Error: Unknown character set: 'gbk'
SELECT * FROM `33hao_web_channel` WHERE ( channel_show = '1' ) ORDER BY convert(channel_name using gbk) asc,channel_id desc LIMIT 1000  
[2016-12-08 15:05:11] /shop/ybkapi.php?act=ybkapi&op=settlement ( act=ybkapi&op=settlement ) 
ERR: Db Error: Unknown character set: 'gbk'
SELECT * FROM `33hao_web_channel` WHERE ( channel_show = '1' ) ORDER BY convert(channel_name using gbk) asc,channel_id desc LIMIT 1000  
[2016-12-08 15:05:34] /shop/ybkapi.php?act=ybkapi&op=settlement ( act=ybkapi&op=settlement ) 
ERR: Db Error: Unknown character set: 'gbk'
SELECT * FROM `33hao_web_channel` WHERE ( channel_show = '1' ) ORDER BY convert(channel_name using gbk) asc,channel_id desc LIMIT 1000  
[2016-12-08 15:05:46] /shop/ybkapi.php?act=ybkapi&op=settlement ( act=ybkapi&op=settlement ) 
ERR: Db Error: Unknown character set: 'gbk'
SELECT * FROM `33hao_web_channel` WHERE ( channel_show = '1' ) ORDER BY convert(channel_name using gbk) asc,channel_id desc LIMIT 1000  
[2016-12-08 15:09:24] /shop/ybkapi.php?act=ybkapi&op=settlement ( act=ybkapi&op=settlement ) 
ERR: Db Error: Unknown character set: 'gbk'
SELECT * FROM `33hao_web_channel` WHERE ( channel_show = '1' ) ORDER BY convert(channel_name using gbk) asc,channel_id desc LIMIT 1000  
[2016-12-08 15:10:55] /shop/ybkapi.php?act=ybkapi&op=settlement ( act=ybkapi&op=settlement ) 
ERR: Db Error: Unknown character set: 'gbk'
SELECT * FROM `33hao_web_channel` WHERE ( channel_show = '1' ) ORDER BY convert(channel_name using gbk) asc,channel_id desc LIMIT 1000  
[2016-12-08 15:11:42] /shop/ybkapi.php?act=ybkapi&op=settlement ( act=ybkapi&op=settlement ) 
ERR: Db Error: Unknown character set: 'gbk'
SELECT * FROM `33hao_web_channel` WHERE ( channel_show = '1' ) ORDER BY convert(channel_name using gbk) asc,channel_id desc LIMIT 1000  
[2016-12-08 15:12:35] /shop/ybkapi.php?act=ybkapi&op=settlement ( act=ybkapi&op=settlement ) 
ERR: Db Error: Unknown character set: 'gbk'
SELECT * FROM `33hao_web_channel` WHERE ( channel_show = '1' ) ORDER BY convert(channel_name using gbk) asc,channel_id desc LIMIT 1000  
[2016-12-08 15:15:12] /shop/ybkapi.php?act=ybkapi&op=settlement ( act=ybkapi&op=settlement ) 
ERR: Db Error: Unknown character set: 'gbk'
SELECT * FROM `33hao_web_channel` WHERE ( channel_show = '1' ) ORDER BY convert(channel_name using gbk) asc,channel_id desc LIMIT 1000  
[2016-12-08 15:15:36] /shop/ybkapi.php?act=ybkapi&op=settlement ( act=ybkapi&op=settlement ) 
ERR: Db Error: Unknown character set: 'gbk'
SELECT * FROM `33hao_web_channel` WHERE ( channel_show = '1' ) ORDER BY convert(channel_name using gbk) asc,channel_id desc LIMIT 1000  
[2016-12-08 15:17:17] /shop/ybkapi.php?act=ybkapi&op=settlement ( act=ybkapi&op=settlement ) 
ERR: Db Error: Unknown character set: 'gbk'
SELECT * FROM `33hao_web_channel` WHERE ( channel_show = '1' ) ORDER BY convert(channel_name using gbk) asc,channel_id desc LIMIT 1000  
[2016-12-08 15:17:44] /shop/ybkapi.php?act=ybkapi&op=settlement ( act=ybkapi&op=settlement ) 
ERR: Db Error: Unknown character set: 'gbk'
SELECT * FROM `33hao_web_channel` WHERE ( channel_show = '1' ) ORDER BY convert(channel_name using gbk) asc,channel_id desc LIMIT 1000  
[2016-12-08 15:18:31] /shop/ybkapi.php?act=ybkapi&op=settlement ( act=ybkapi&op=settlement ) 
ERR: Db Error: Unknown character set: 'gbk'
SELECT * FROM `33hao_web_channel` WHERE ( channel_show = '1' ) ORDER BY convert(channel_name using gbk) asc,channel_id desc LIMIT 1000  
[2016-12-08 15:23:05] /shop/ybkapi.php?act=ybkapi&op=settlement ( act=ybkapi&op=settlement ) 
ERR: Db Error: Unknown character set: 'gbk'
SELECT * FROM `33hao_web_channel` WHERE ( channel_show = '1' ) ORDER BY convert(channel_name using gbk) asc,channel_id desc LIMIT 1000  
[2016-12-08 15:25:01] /shop/ybkapi.php?act=ybkapi&op=settlement ( act=ybkapi&op=settlement ) 
ERR: Db Error: Unknown character set: 'gbk'
SELECT * FROM `33hao_web_channel` WHERE ( channel_show = '1' ) ORDER BY convert(channel_name using gbk) asc,channel_id desc LIMIT 1000  
[2016-12-08 15:25:58] /shop/ybkapi.php?act=ybkapi&op=settlement ( act=ybkapi&op=settlement ) 
ERR: Db Error: Unknown character set: 'gbk'
SELECT * FROM `33hao_web_channel` WHERE ( channel_show = '1' ) ORDER BY convert(channel_name using gbk) asc,channel_id desc LIMIT 1000  
[2016-12-08 15:26:56] /shop/ybkapi.php?act=ybkapi&op=settlement ( act=ybkapi&op=settlement ) 
ERR: Db Error: Unknown character set: 'gbk'
SELECT * FROM `33hao_web_channel` WHERE ( channel_show = '1' ) ORDER BY convert(channel_name using gbk) asc,channel_id desc LIMIT 1000  
[2016-12-08 15:28:36] /shop/ybkapi.php?act=ybkapi&op=settlement ( act=ybkapi&op=settlement ) 
ERR: Db Error: Unknown character set: 'gbk'
SELECT * FROM `33hao_web_channel` WHERE ( channel_show = '1' ) ORDER BY convert(channel_name using gbk) asc,channel_id desc LIMIT 1000  
[2016-12-08 15:29:33] /shop/ybkapi.php?act=ybkapi&op=settlement ( act=ybkapi&op=settlement ) 
ERR: Db Error: Unknown character set: 'gbk'
SELECT * FROM `33hao_web_channel` WHERE ( channel_show = '1' ) ORDER BY convert(channel_name using gbk) asc,channel_id desc LIMIT 1000  
[2016-12-08 15:29:43] /shop/ybkapi.php?act=ybkapi&op=settlement ( act=ybkapi&op=settlement ) 
ERR: Db Error: Unknown character set: 'gbk'
SELECT * FROM `33hao_web_channel` WHERE ( channel_show = '1' ) ORDER BY convert(channel_name using gbk) asc,channel_id desc LIMIT 1000  
[2016-12-08 15:35:08] /shop/ybkapi.php?act=ybkapi&op=settlement ( act=ybkapi&op=settlement ) 
ERR: Db Error: Unknown character set: 'gbk'
SELECT * FROM `33hao_web_channel` WHERE ( channel_show = '1' ) ORDER BY convert(channel_name using gbk) asc,channel_id desc LIMIT 1000  
[2016-12-08 15:35:36] /shop/ybkapi.php?act=ybkapi&op=settlement ( act=ybkapi&op=settlement ) 
ERR: Db Error: Unknown character set: 'gbk'
SELECT * FROM `33hao_web_channel` WHERE ( channel_show = '1' ) ORDER BY convert(channel_name using gbk) asc,channel_id desc LIMIT 1000  
[2016-12-08 15:36:21] /shop/ybkapi.php?act=ybkapi&op=settlement ( act=ybkapi&op=settlement ) 
ERR: Db Error: Unknown character set: 'gbk'
SELECT * FROM `33hao_web_channel` WHERE ( channel_show = '1' ) ORDER BY convert(channel_name using gbk) asc,channel_id desc LIMIT 1000  
[2016-12-08 15:37:12] /shop/ybkapi.php?act=ybkapi&op=settlement ( act=ybkapi&op=settlement ) 
ERR: Db Error: Unknown character set: 'gbk'
SELECT * FROM `33hao_web_channel` WHERE ( channel_show = '1' ) ORDER BY convert(channel_name using gbk) asc,channel_id desc LIMIT 1000  
[2016-12-08 15:38:43] /shop/ybkapi.php?act=ybkapi&op=settlement ( act=ybkapi&op=settlement ) 
ERR: Db Error: Unknown character set: 'gbk'
SELECT * FROM `33hao_web_channel` WHERE ( channel_show = '1' ) ORDER BY convert(channel_name using gbk) asc,channel_id desc LIMIT 1000  
[2016-12-08 15:39:20] /shop/ybkapi.php?act=ybkapi&op=settlement ( act=ybkapi&op=settlement ) 
ERR: Db Error: Unknown character set: 'gbk'
SELECT * FROM `33hao_web_channel` WHERE ( channel_show = '1' ) ORDER BY convert(channel_name using gbk) asc,channel_id desc LIMIT 1000  
[2016-12-08 15:41:50] /shop/ybkapi.php?act=ybkapi&op=settlement ( act=ybkapi&op=settlement ) 
ERR: Db Error: Unknown character set: 'gbk'
SELECT * FROM `33hao_web_channel` WHERE ( channel_show = '1' ) ORDER BY convert(channel_name using gbk) asc,channel_id desc LIMIT 1000  
[2016-12-08 15:47:06] /shop/ybkapi.php?act=ybkapi&op=settlement ( act=ybkapi&op=settlement ) 
ERR: Db Error: Unknown character set: 'gbk'
SELECT * FROM `33hao_web_channel` WHERE ( channel_show = '1' ) ORDER BY convert(channel_name using gbk) asc,channel_id desc LIMIT 1000  
[2016-12-08 15:48:08] /shop/ybkapi.php?act=ybkapi&op=settlement ( act=ybkapi&op=settlement ) 
ERR: Db Error: Unknown character set: 'gbk'
SELECT * FROM `33hao_web_channel` WHERE ( channel_show = '1' ) ORDER BY convert(channel_name using gbk) asc,channel_id desc LIMIT 1000  
[2016-12-08 15:49:42] /shop/ybkapi.php?act=ybkapi&op=settlement ( act=ybkapi&op=settlement ) 
ERR: Db Error: Unknown character set: 'gbk'
SELECT * FROM `33hao_web_channel` WHERE ( channel_show = '1' ) ORDER BY convert(channel_name using gbk) asc,channel_id desc LIMIT 1000  
[2016-12-08 15:49:44] /shop/ybkapi.php?act=ybkapi&op=settlement ( act=ybkapi&op=settlement ) 
ERR: Db Error: Unknown character set: 'gbk'
SELECT * FROM `33hao_web_channel` WHERE ( channel_show = '1' ) ORDER BY convert(channel_name using gbk) asc,channel_id desc LIMIT 1000  
[2016-12-08 15:49:48] /shop/ybkapi.php?member_id=47&token=123&settlement=1-3%2C2-2%2C3-1 ( act=index&op=index ) 
ERR: Db Error: Unknown character set: 'gbk'
SELECT * FROM `33hao_web_channel` WHERE ( channel_show = '1' ) ORDER BY convert(channel_name using gbk) asc,channel_id desc LIMIT 1000  
[2016-12-08 15:50:07] /shop/ybkapi.php?member_id=47&token=123&settlement=1-3%2C2-2%2C3-1 ( act=index&op=index ) 
ERR: Db Error: Unknown character set: 'gbk'
SELECT * FROM `33hao_web_channel` WHERE ( channel_show = '1' ) ORDER BY convert(channel_name using gbk) asc,channel_id desc LIMIT 1000  
[2016-12-08 15:51:12] /shop/ybkapi.php?act=ybkapi&op=settlement ( act=ybkapi&op=settlement ) 
ERR: Db Error: Unknown character set: 'gbk'
SELECT * FROM `33hao_web_channel` WHERE ( channel_show = '1' ) ORDER BY convert(channel_name using gbk) asc,channel_id desc LIMIT 1000  
[2016-12-08 15:51:41] /shop/ybkapi.php?act=ybkapi&op=settlement&member_id=47&token=123&settlement=1-3%2C2-2%2C3-1 ( act=ybkapi&op=settlement ) 
ERR: Db Error: Unknown character set: 'gbk'
SELECT * FROM `33hao_web_channel` WHERE ( channel_show = '1' ) ORDER BY convert(channel_name using gbk) asc,channel_id desc LIMIT 1000  
[2016-12-08 15:53:26] /shop/ybkapi.php?act=ybkapi&op=settlement&member_id=47&token=123&settlement=1-3%2C2-2%2C3-1 ( act=ybkapi&op=settlement ) 
ERR: Db Error: Unknown character set: 'gbk'
SELECT * FROM `33hao_web_channel` WHERE ( channel_show = '1' ) ORDER BY convert(channel_name using gbk) asc,channel_id desc LIMIT 1000  
[2016-12-08 15:54:10] /shop/ybkapi.php?act=ybkapi&op=settlement&member_id=47&token=123&settlement=1-3%2C2-2%2C3-1 ( act=ybkapi&op=settlement ) 
ERR: Db Error: Unknown character set: 'gbk'
SELECT * FROM `33hao_web_channel` WHERE ( channel_show = '1' ) ORDER BY convert(channel_name using gbk) asc,channel_id desc LIMIT 1000  
[2016-12-08 15:54:29] /shop/ybkapi.php?act=ybkapi&op=settlement&member_id=47&token=123&settlement=1-3%2C2-2%2C3-1 ( act=ybkapi&op=settlement ) 
ERR: Db Error: Unknown character set: 'gbk'
SELECT * FROM `33hao_web_channel` WHERE ( channel_show = '1' ) ORDER BY convert(channel_name using gbk) asc,channel_id desc LIMIT 1000  
[2016-12-08 15:55:07] /shop/ybkapi.php?act=ybkapi&op=settlement&member_id=47&token=123&settlement=1-3%2C2-2%2C3-1 ( act=ybkapi&op=settlement ) 
ERR: Db Error: Unknown character set: 'gbk'
SELECT * FROM `33hao_web_channel` WHERE ( channel_show = '1' ) ORDER BY convert(channel_name using gbk) asc,channel_id desc LIMIT 1000  
[2016-12-08 15:58:57] /shop/ybkapi.php?act=ybkapi&op=settlement&member_id=47&token=123&settlement=1-3%2C2-2%2C3-1 ( act=ybkapi&op=settlement ) 
ERR: Db Error: Unknown character set: 'gbk'
SELECT * FROM `33hao_web_channel` WHERE ( channel_show = '1' ) ORDER BY convert(channel_name using gbk) asc,channel_id desc LIMIT 1000  
[2016-12-08 15:59:51] /shop/ybkapi.php?act=ybkapi&op=settlement&member_id=47&token=123&settlement=1-3%2C2-2%2C3-1 ( act=ybkapi&op=settlement ) 
ERR: Db Error: Unknown character set: 'gbk'
SELECT * FROM `33hao_web_channel` WHERE ( channel_show = '1' ) ORDER BY convert(channel_name using gbk) asc,channel_id desc LIMIT 1000  
[2016-12-08 16:00:27] /shop/ybkapi.php?act=ybkapi&op=settlement&member_id=47&token=123&settlement=1-3%2C2-2%2C3-1 ( act=ybkapi&op=settlement ) 
ERR: Db Error: Unknown character set: 'gbk'
SELECT * FROM `33hao_web_channel` WHERE ( channel_show = '1' ) ORDER BY convert(channel_name using gbk) asc,channel_id desc LIMIT 1000  
[2016-12-08 16:00:43] /shop/ybkapi.php?act=ybkapi&op=settlement&member_id=47&token=123&settlement=1-3%2C2-2%2C3-1 ( act=ybkapi&op=settlement ) 
ERR: Db Error: Unknown character set: 'gbk'
SELECT * FROM `33hao_web_channel` WHERE ( channel_show = '1' ) ORDER BY convert(channel_name using gbk) asc,channel_id desc LIMIT 1000  
[2016-12-08 16:01:42] /shop/ybkapi.php?act=ybkapi&op=settlement&member_id=47&token=123&settlement=1-3%2C2-2%2C3-1 ( act=ybkapi&op=settlement ) 
ERR: Db Error: Unknown character set: 'gbk'
SELECT * FROM `33hao_web_channel` WHERE ( channel_show = '1' ) ORDER BY convert(channel_name using gbk) asc,channel_id desc LIMIT 1000  
[2016-12-08 16:02:05] /shop/ybkapi.php?act=ybkapi&op=settlement&member_id=47&token=123&settlement=1-3%2C2-2%2C3-1 ( act=ybkapi&op=settlement ) 
ERR: Db Error: Unknown character set: 'gbk'
SELECT * FROM `33hao_web_channel` WHERE ( channel_show = '1' ) ORDER BY convert(channel_name using gbk) asc,channel_id desc LIMIT 1000  
[2016-12-08 16:20:00] /shop/ybkapi.php?act=ybkapi&op=settlement&member_id=47&token=123&settlement=1-4%2C2-3%2C3-4 ( act=ybkapi&op=settlement ) 
ERR: Db Error: Unknown character set: 'gbk'
SELECT * FROM `33hao_web_channel` WHERE ( channel_show = '1' ) ORDER BY convert(channel_name using gbk) asc,channel_id desc LIMIT 1000  
[2016-12-08 16:27:27] /shop/ybkapi.php?act=ybkapi&op=cartlist&member_id=1 ( act=ybkapi&op=cartlist ) 
ERR: Db Error: Unknown character set: 'gbk'
SELECT * FROM `33hao_web_channel` WHERE ( channel_show = '1' ) ORDER BY convert(channel_name using gbk) asc,channel_id desc LIMIT 1000  
[2016-12-08 16:27:27] /shop/ybkapi.php?act=ybkapi&op=cartlist&member_id=1 ( act=ybkapi&op=cartlist ) 
ERR: Db Error: Unknown column 'member_id' in 'where clause'
SELECT * FROM `33hao_cart` WHERE ( member_id = '1' ) LIMIT 1000  
[2016-12-08 16:28:23] /shop/ybkapi.php?act=ybkapi&op=cartlist&member_id=1 ( act=ybkapi&op=cartlist ) 
ERR: Db Error: Unknown character set: 'gbk'
SELECT * FROM `33hao_web_channel` WHERE ( channel_show = '1' ) ORDER BY convert(channel_name using gbk) asc,channel_id desc LIMIT 1000  
[2016-12-08 16:28:23] /shop/ybkapi.php?act=ybkapi&op=cartlist&member_id=1 ( act=ybkapi&op=cartlist ) 
ERR: Db Error: Unknown column 'member_id' in 'where clause'
SELECT * FROM `33hao_cart` WHERE ( member_id = '1' ) LIMIT 1000  
[2016-12-08 16:28:49] /shop/ybkapi.php?act=ybkapi&op=cartlist&member_id=1 ( act=ybkapi&op=cartlist ) 
ERR: Db Error: Unknown character set: 'gbk'
SELECT * FROM `33hao_web_channel` WHERE ( channel_show = '1' ) ORDER BY convert(channel_name using gbk) asc,channel_id desc LIMIT 1000  
[2016-12-08 16:30:40] /shop/ybkapi.php?act=ybkapi&op=cartlist&member_id=1 ( act=ybkapi&op=cartlist ) 
ERR: Db Error: Unknown character set: 'gbk'
SELECT * FROM `33hao_web_channel` WHERE ( channel_show = '1' ) ORDER BY convert(channel_name using gbk) asc,channel_id desc LIMIT 1000  
[2016-12-08 16:30:49] /shop/ybkapi.php?act=ybkapi&op=cartlist&member_id=1 ( act=ybkapi&op=cartlist ) 
ERR: Db Error: Unknown character set: 'gbk'
SELECT * FROM `33hao_web_channel` WHERE ( channel_show = '1' ) ORDER BY convert(channel_name using gbk) asc,channel_id desc LIMIT 1000  
[2016-12-08 16:41:23] /shop/ybkapi.php?act=ybkapi&op=cartlist&member_id=1 ( act=ybkapi&op=cartlist ) 
ERR: Db Error: Unknown character set: 'gbk'
SELECT * FROM `33hao_web_channel` WHERE ( channel_show = '1' ) ORDER BY convert(channel_name using gbk) asc,channel_id desc LIMIT 1000  
[2016-12-08 16:41:23] /shop/ybkapi.php?act=ybkapi&op=cartlist&member_id=1 ( act=ybkapi&op=cartlist ) 
ERR: Db Error: Column 'goods_price' in field list is ambiguous
SELECT cart_id,goods_price,goods_image,goods_num FROM `33hao_cart` AS `cart` LEFT JOIN `33hao_goods` AS `goods` ON cart.goods_id=goods.goods_id LIMIT 30  
[2016-12-08 16:42:46] /shop/ybkapi.php?act=ybkapi&op=cartlist&member_id=1 ( act=ybkapi&op=cartlist ) 
ERR: Db Error: Unknown character set: 'gbk'
SELECT * FROM `33hao_web_channel` WHERE ( channel_show = '1' ) ORDER BY convert(channel_name using gbk) asc,channel_id desc LIMIT 1000  
[2016-12-08 16:42:46] /shop/ybkapi.php?act=ybkapi&op=cartlist&member_id=1 ( act=ybkapi&op=cartlist ) 
ERR: Db Error: Column 'goods_price' in field list is ambiguous
SELECT cart_id,goods_price,goods_image,goods_num FROM `33hao_cart` AS `cart` LEFT JOIN `33hao_goods` AS `goods` ON cart.goods_id=goods.goods_id LIMIT 30  
[2016-12-08 16:42:47] /shop/ybkapi.php?act=ybkapi&op=cartlist&member_id=1 ( act=ybkapi&op=cartlist ) 
ERR: Db Error: Unknown character set: 'gbk'
SELECT * FROM `33hao_web_channel` WHERE ( channel_show = '1' ) ORDER BY convert(channel_name using gbk) asc,channel_id desc LIMIT 1000  
[2016-12-08 16:42:47] /shop/ybkapi.php?act=ybkapi&op=cartlist&member_id=1 ( act=ybkapi&op=cartlist ) 
ERR: Db Error: Column 'goods_price' in field list is ambiguous
SELECT cart_id,goods_price,goods_image,goods_num FROM `33hao_cart` AS `cart` LEFT JOIN `33hao_goods` AS `goods` ON cart.goods_id=goods.goods_id LIMIT 30  
[2016-12-08 16:44:18] /shop/ybkapi.php?act=ybkapi&op=cartlist&member_id=1 ( act=ybkapi&op=cartlist ) 
ERR: Db Error: Unknown character set: 'gbk'
SELECT * FROM `33hao_web_channel` WHERE ( channel_show = '1' ) ORDER BY convert(channel_name using gbk) asc,channel_id desc LIMIT 1000  
[2016-12-08 16:44:18] /shop/ybkapi.php?act=ybkapi&op=cartlist&member_id=1 ( act=ybkapi&op=cartlist ) 
ERR: Db Error: Column 'goods_price' in field list is ambiguous
SELECT cart_id,goods_price,goods_image,goods_num FROM `33hao_cart` AS `cart` LEFT JOIN `33hao_goods` AS `goods` ON cart.goods_id=goods.goods_id WHERE ( buyer_id = '1' ) LIMIT 1000  
[2016-12-08 16:44:20] /shop/ybkapi.php?act=ybkapi&op=cartlist&member_id=1 ( act=ybkapi&op=cartlist ) 
ERR: Db Error: Unknown character set: 'gbk'
SELECT * FROM `33hao_web_channel` WHERE ( channel_show = '1' ) ORDER BY convert(channel_name using gbk) asc,channel_id desc LIMIT 1000  
[2016-12-08 16:44:20] /shop/ybkapi.php?act=ybkapi&op=cartlist&member_id=1 ( act=ybkapi&op=cartlist ) 
ERR: Db Error: Column 'goods_price' in field list is ambiguous
SELECT cart_id,goods_price,goods_image,goods_num FROM `33hao_cart` AS `cart` LEFT JOIN `33hao_goods` AS `goods` ON cart.goods_id=goods.goods_id WHERE ( buyer_id = '1' ) LIMIT 1000  
[2016-12-08 16:46:24] /shop/ybkapi.php?act=ybkapi&op=cartlist&member_id=1 ( act=ybkapi&op=cartlist ) 
ERR: Db Error: Unknown character set: 'gbk'
SELECT * FROM `33hao_web_channel` WHERE ( channel_show = '1' ) ORDER BY convert(channel_name using gbk) asc,channel_id desc LIMIT 1000  
[2016-12-08 16:47:30] /shop/ybkapi.php?act=ybkapi&op=cartlist&member_id=1 ( act=ybkapi&op=cartlist ) 
ERR: Db Error: Unknown character set: 'gbk'
SELECT * FROM `33hao_web_channel` WHERE ( channel_show = '1' ) ORDER BY convert(channel_name using gbk) asc,channel_id desc LIMIT 1000  
[2016-12-08 16:47:30] /shop/ybkapi.php?act=ybkapi&op=cartlist&member_id=1 ( act=ybkapi&op=cartlist ) 
ERR: Db Error: Table 'shop.33hao_' doesn't exist
SELECT cart_id FROM `33hao_` WHERE ( buyer_id = '1' ) LIMIT 1000  
[2016-12-08 16:47:41] /shop/ybkapi.php?act=ybkapi&op=cartlist&member_id=1 ( act=ybkapi&op=cartlist ) 
ERR: Db Error: Unknown character set: 'gbk'
SELECT * FROM `33hao_web_channel` WHERE ( channel_show = '1' ) ORDER BY convert(channel_name using gbk) asc,channel_id desc LIMIT 1000  
[2016-12-08 16:47:41] /shop/ybkapi.php?act=ybkapi&op=cartlist&member_id=1 ( act=ybkapi&op=cartlist ) 
ERR: Db Error: Table 'shop.33hao_' doesn't exist
SELECT cart_id FROM `33hao_` WHERE ( buyer_id = '1' ) LIMIT 1000  
[2016-12-08 16:48:07] /shop/ybkapi.php?act=ybkapi&op=cartlist&member_id=1 ( act=ybkapi&op=cartlist ) 
ERR: Db Error: Unknown character set: 'gbk'
SELECT * FROM `33hao_web_channel` WHERE ( channel_show = '1' ) ORDER BY convert(channel_name using gbk) asc,channel_id desc LIMIT 1000  
[2016-12-08 17:05:28] /shop/ybkapi.php?act=ybkapi&op=cartlist&member_id=1 ( act=ybkapi&op=cartlist ) 
ERR: Db Error: Unknown character set: 'gbk'
SELECT * FROM `33hao_web_channel` WHERE ( channel_show = '1' ) ORDER BY convert(channel_name using gbk) asc,channel_id desc LIMIT 1000  
[2016-12-08 17:08:31] /shop/ybkapi.php?act=ybkapi&op=cartlist&member_id=1 ( act=ybkapi&op=cartlist ) 
ERR: Db Error: Unknown character set: 'gbk'
SELECT * FROM `33hao_web_channel` WHERE ( channel_show = '1' ) ORDER BY convert(channel_name using gbk) asc,channel_id desc LIMIT 1000  
[2016-12-08 17:08:38] /shop/ybkapi.php?act=ybkapi&op=cartlist&member_id=1 ( act=ybkapi&op=cartlist ) 
ERR: Db Error: Unknown character set: 'gbk'
SELECT * FROM `33hao_web_channel` WHERE ( channel_show = '1' ) ORDER BY convert(channel_name using gbk) asc,channel_id desc LIMIT 1000  
[2016-12-08 17:10:32] /shop/ybkapi.php?act=ybkapi&op=cartlist&member_id=99 ( act=ybkapi&op=cartlist ) 
ERR: Db Error: Unknown character set: 'gbk'
SELECT * FROM `33hao_web_channel` WHERE ( channel_show = '1' ) ORDER BY convert(channel_name using gbk) asc,channel_id desc LIMIT 1000  
[2016-12-08 17:10:44] /shop/ybkapi.php?act=ybkapi&op=cartlist&member_id=99 ( act=ybkapi&op=cartlist ) 
ERR: Db Error: Unknown character set: 'gbk'
SELECT * FROM `33hao_web_channel` WHERE ( channel_show = '1' ) ORDER BY convert(channel_name using gbk) asc,channel_id desc LIMIT 1000  
[2016-12-08 17:23:41] /shop/ybkapi.php?act=ybkapi&op=cartlist&member_id=1 ( act=ybkapi&op=cartlist ) 
ERR: Db Error: Unknown character set: 'gbk'
SELECT * FROM `33hao_web_channel` WHERE ( channel_show = '1' ) ORDER BY convert(channel_name using gbk) asc,channel_id desc LIMIT 1000  
[2016-12-08 17:23:41] /shop/ybkapi.php?act=ybkapi&op=settlement&member_id=47&token=123&settlement=1-4%2C2-3%2C3-4 ( act=ybkapi&op=settlement ) 
ERR: Db Error: Unknown character set: 'gbk'
SELECT * FROM `33hao_web_channel` WHERE ( channel_show = '1' ) ORDER BY convert(channel_name using gbk) asc,channel_id desc LIMIT 1000  
[2016-12-08 17:23:42] /shop/ybkapi.php?act=ybkapi&op=settlement&member_id=47&token=123&settlement=1-3%2C2-2%2C3-1 ( act=ybkapi&op=settlement ) 
ERR: Db Error: Unknown character set: 'gbk'
SELECT * FROM `33hao_web_channel` WHERE ( channel_show = '1' ) ORDER BY convert(channel_name using gbk) asc,channel_id desc LIMIT 1000  
[2016-12-08 17:23:44] /shop/ybkapi.php?act=ybkapi&op=settlement&member_id=47&token=123&settlement=1-3%2C2-2%2C3-1 ( act=ybkapi&op=settlement ) 
ERR: Db Error: Unknown character set: 'gbk'
SELECT * FROM `33hao_web_channel` WHERE ( channel_show = '1' ) ORDER BY convert(channel_name using gbk) asc,channel_id desc LIMIT 1000  
[2016-12-08 17:25:25] /shop/ybkapi.php?act=ybkapi&op=settlement&member_id=47&token=123&settlement=1-3%2C2-2%2C3-1 ( act=ybkapi&op=settlement ) 
ERR: Db Error: Unknown character set: 'gbk'
SELECT * FROM `33hao_web_channel` WHERE ( channel_show = '1' ) ORDER BY convert(channel_name using gbk) asc,channel_id desc LIMIT 1000  
[2016-12-08 17:25:50] /shop/ybkapi.php?act=ybkapi&op=settlement&member_id=47&token=123&settlement=1-3%2C2-2%2C3-1 ( act=ybkapi&op=settlement ) 
ERR: Db Error: Unknown character set: 'gbk'
SELECT * FROM `33hao_web_channel` WHERE ( channel_show = '1' ) ORDER BY convert(channel_name using gbk) asc,channel_id desc LIMIT 1000  
[2016-12-08 17:26:25] /shop/ybkapi.php?act=ybkapi&op=settlement&member_id=47&token=123&settlement=1-3%2C2-2%2C3-1 ( act=ybkapi&op=settlement ) 
ERR: Db Error: Unknown character set: 'gbk'
SELECT * FROM `33hao_web_channel` WHERE ( channel_show = '1' ) ORDER BY convert(channel_name using gbk) asc,channel_id desc LIMIT 1000  
[2016-12-08 17:27:53] /shop/ybkapi.php?act=ybkapi&op=settlement&member_id=47&token=123&settlement=1-3%2C2-2%2C3-1 ( act=ybkapi&op=settlement ) 
ERR: Db Error: Unknown character set: 'gbk'
SELECT * FROM `33hao_web_channel` WHERE ( channel_show = '1' ) ORDER BY convert(channel_name using gbk) asc,channel_id desc LIMIT 1000  
[2016-12-08 17:28:35] /shop/ybkapi.php?act=ybkapi&op=settlement&member_id=47&token=123&settlement=1-3%2C2-2%2C3-1 ( act=ybkapi&op=settlement ) 
ERR: Db Error: Unknown character set: 'gbk'
SELECT * FROM `33hao_web_channel` WHERE ( channel_show = '1' ) ORDER BY convert(channel_name using gbk) asc,channel_id desc LIMIT 1000  
[2016-12-08 17:29:31] /shop/ybkapi.php?act=ybkapi&op=settlement&member_id=47&token=123&settlement=1-3%2C2-2%2C3-1 ( act=ybkapi&op=settlement ) 
ERR: Db Error: Unknown character set: 'gbk'
SELECT * FROM `33hao_web_channel` WHERE ( channel_show = '1' ) ORDER BY convert(channel_name using gbk) asc,channel_id desc LIMIT 1000  
[2016-12-08 17:30:51] /shop/ybkapi.php?act=ybkapi&op=settlement&member_id=47&token=123&settlement=1-3%2C2-2%2C3-1 ( act=ybkapi&op=settlement ) 
ERR: Db Error: Unknown character set: 'gbk'
SELECT * FROM `33hao_web_channel` WHERE ( channel_show = '1' ) ORDER BY convert(channel_name using gbk) asc,channel_id desc LIMIT 1000  
[2016-12-08 17:33:49] /shop/ybkapi.php?act=ybkapi&op=settlement&member_id=47&token=123&settlement=1-3%2C2-2%2C3-1 ( act=ybkapi&op=settlement ) 
ERR: Db Error: Unknown character set: 'gbk'
SELECT * FROM `33hao_web_channel` WHERE ( channel_show = '1' ) ORDER BY convert(channel_name using gbk) asc,channel_id desc LIMIT 1000  
[2016-12-08 17:34:10] /shop/ybkapi.php?act=ybkapi&op=settlement&member_id=47&token=123&settlement=1-200%2C2-1200%2C3-119 ( act=ybkapi&op=settlement ) 
ERR: Db Error: Unknown character set: 'gbk'
SELECT * FROM `33hao_web_channel` WHERE ( channel_show = '1' ) ORDER BY convert(channel_name using gbk) asc,channel_id desc LIMIT 1000  
[2016-12-08 17:41:19] /shop/ybkapi.php?act=ybkapi&op=settlement&member_id=47&token=123&settlement=1-200%2C2-1200%2C3-119 ( act=ybkapi&op=settlement ) 
ERR: Db Error: Unknown character set: 'gbk'
SELECT * FROM `33hao_web_channel` WHERE ( channel_show = '1' ) ORDER BY convert(channel_name using gbk) asc,channel_id desc LIMIT 1000  
[2016-12-08 17:41:19] /shop/ybkapi.php?act=ybkapi&op=settlement&member_id=47&token=123&settlement=1-200%2C2-1200%2C3-119 ( act=ybkapi&op=settlement ) 
ERR: Db Error: Table 'shop.33hao_' doesn't exist
SELECT * FROM `33hao_` WHERE ( member_id = '47' ) LIMIT 1000  
[2016-12-08 17:41:29] /shop/ybkapi.php?act=ybkapi&op=settlement&member_id=1&token=123&settlement=1-200%2C2-1200%2C3-119 ( act=ybkapi&op=settlement ) 
ERR: Db Error: Unknown character set: 'gbk'
SELECT * FROM `33hao_web_channel` WHERE ( channel_show = '1' ) ORDER BY convert(channel_name using gbk) asc,channel_id desc LIMIT 1000  
[2016-12-08 17:41:36] /shop/ybkapi.php?act=ybkapi&op=settlement&member_id=33&token=123&settlement=1-200%2C2-1200%2C3-119 ( act=ybkapi&op=settlement ) 
ERR: Db Error: Unknown character set: 'gbk'
SELECT * FROM `33hao_web_channel` WHERE ( channel_show = '1' ) ORDER BY convert(channel_name using gbk) asc,channel_id desc LIMIT 1000  
[2016-12-08 17:41:39] /shop/ybkapi.php?act=ybkapi&op=settlement&member_id=33&token=123&settlement=1-200%2C2-1200%2C3-119 ( act=ybkapi&op=settlement ) 
ERR: Db Error: Unknown character set: 'gbk'
SELECT * FROM `33hao_web_channel` WHERE ( channel_show = '1' ) ORDER BY convert(channel_name using gbk) asc,channel_id desc LIMIT 1000  
[2016-12-08 17:41:46] /shop/ybkapi.php?act=ybkapi&op=settlement&member_id=1&token=123&settlement=1-200%2C2-1200%2C3-119 ( act=ybkapi&op=settlement ) 
ERR: Db Error: Unknown character set: 'gbk'
SELECT * FROM `33hao_web_channel` WHERE ( channel_show = '1' ) ORDER BY convert(channel_name using gbk) asc,channel_id desc LIMIT 1000  
[2016-12-08 17:41:47] /shop/ybkapi.php?act=ybkapi&op=settlement&member_id=47&token=123&settlement=1-200%2C2-1200%2C3-119 ( act=ybkapi&op=settlement ) 
ERR: Db Error: Unknown character set: 'gbk'
SELECT * FROM `33hao_web_channel` WHERE ( channel_show = '1' ) ORDER BY convert(channel_name using gbk) asc,channel_id desc LIMIT 1000  
[2016-12-08 17:41:47] /shop/ybkapi.php?act=ybkapi&op=settlement&member_id=47&token=123&settlement=1-200%2C2-1200%2C3-119 ( act=ybkapi&op=settlement ) 
ERR: Db Error: Table 'shop.33hao_' doesn't exist
SELECT * FROM `33hao_` WHERE ( member_id = '47' ) LIMIT 1000  
[2016-12-08 17:42:24] /shop/ybkapi.php?act=ybkapi&op=settlement&member_id=47&token=123&settlement=1-200%2C2-1200%2C3-119 ( act=ybkapi&op=settlement ) 
ERR: Db Error: Unknown character set: 'gbk'
SELECT * FROM `33hao_web_channel` WHERE ( channel_show = '1' ) ORDER BY convert(channel_name using gbk) asc,channel_id desc LIMIT 1000  
[2016-12-08 17:42:24] /shop/ybkapi.php?act=ybkapi&op=settlement&member_id=47&token=123&settlement=1-200%2C2-1200%2C3-119 ( act=ybkapi&op=settlement ) 
ERR: Db Error: Table 'shop.33hao_' doesn't exist
SELECT * FROM `33hao_` WHERE ( member_id = '47' ) LIMIT 1000  
[2016-12-08 17:42:25] /shop/ybkapi.php?act=ybkapi&op=settlement&member_id=47&token=123&settlement=1-200%2C2-1200%2C3-119 ( act=ybkapi&op=settlement ) 
ERR: Db Error: Unknown character set: 'gbk'
SELECT * FROM `33hao_web_channel` WHERE ( channel_show = '1' ) ORDER BY convert(channel_name using gbk) asc,channel_id desc LIMIT 1000  
[2016-12-08 17:42:25] /shop/ybkapi.php?act=ybkapi&op=settlement&member_id=47&token=123&settlement=1-200%2C2-1200%2C3-119 ( act=ybkapi&op=settlement ) 
ERR: Db Error: Table 'shop.33hao_' doesn't exist
SELECT * FROM `33hao_` WHERE ( member_id = '47' ) LIMIT 1000  
[2016-12-08 17:42:51] /shop/ybkapi.php?act=ybkapi&op=settlement&member_id=47&token=123&settlement=1-200%2C2-1200%2C3-119 ( act=ybkapi&op=settlement ) 
ERR: Db Error: Unknown character set: 'gbk'
SELECT * FROM `33hao_web_channel` WHERE ( channel_show = '1' ) ORDER BY convert(channel_name using gbk) asc,channel_id desc LIMIT 1000  
[2016-12-08 17:43:34] /shop/ybkapi.php?act=ybkapi&op=settlement&member_id=47&token=123&settlement=1-200%2C2-1200%2C3-119 ( act=ybkapi&op=settlement ) 
ERR: Db Error: Unknown character set: 'gbk'
SELECT * FROM `33hao_web_channel` WHERE ( channel_show = '1' ) ORDER BY convert(channel_name using gbk) asc,channel_id desc LIMIT 1000  
[2016-12-08 17:45:17] /shop/ybkapi.php?act=ybkapi&op=settlement&member_id=47&token=123&settlement=1-200%2C2-1200%2C3-119 ( act=ybkapi&op=settlement ) 
ERR: Db Error: Unknown character set: 'gbk'
SELECT * FROM `33hao_web_channel` WHERE ( channel_show = '1' ) ORDER BY convert(channel_name using gbk) asc,channel_id desc LIMIT 1000  
[2016-12-08 17:46:37] /shop/ybkapi.php?act=ybkapi&op=settlement&member_id=47&token=123&settlement=1-200%2C2-1200%2C3-119 ( act=ybkapi&op=settlement ) 
ERR: Db Error: Unknown character set: 'gbk'
SELECT * FROM `33hao_web_channel` WHERE ( channel_show = '1' ) ORDER BY convert(channel_name using gbk) asc,channel_id desc LIMIT 1000  
[2016-12-08 17:46:59] /shop/ybkapi.php?act=ybkapi&op=settlement&member_id=47&token=123&settlement=1-200%2C2-1200%2C3-119 ( act=ybkapi&op=settlement ) 
ERR: Db Error: Unknown character set: 'gbk'
SELECT * FROM `33hao_web_channel` WHERE ( channel_show = '1' ) ORDER BY convert(channel_name using gbk) asc,channel_id desc LIMIT 1000  
[2016-12-08 17:48:43] /shop/ybkapi.php?act=ybkapi&op=settlement&member_id=47&token=123&settlement=1-200%2C2-1200%2C3-119 ( act=ybkapi&op=settlement ) 
ERR: Db Error: Unknown character set: 'gbk'
SELECT * FROM `33hao_web_channel` WHERE ( channel_show = '1' ) ORDER BY convert(channel_name using gbk) asc,channel_id desc LIMIT 1000  
[2016-12-08 17:51:36] /shop/ybkapi.php?act=ybkapi&op=settlement&member_id=47&token=123&settlement=1-200%2C2-1200%2C3-119 ( act=ybkapi&op=settlement ) 
ERR: Db Error: Unknown character set: 'gbk'
SELECT * FROM `33hao_web_channel` WHERE ( channel_show = '1' ) ORDER BY convert(channel_name using gbk) asc,channel_id desc LIMIT 1000  
[2016-12-08 17:52:32] /shop/ybkapi.php?act=ybkapi&op=settlement&member_id=47&token=123&settlement=1-200%2C2-1200%2C3-119 ( act=ybkapi&op=settlement ) 
ERR: Db Error: Unknown character set: 'gbk'
SELECT * FROM `33hao_web_channel` WHERE ( channel_show = '1' ) ORDER BY convert(channel_name using gbk) asc,channel_id desc LIMIT 1000  
[2016-12-08 17:55:27] /shop/ybkapi.php?act=ybkapi&op=settlement&member_id=47&token=123&settlement=1-200%2C2-1200%2C3-119 ( act=ybkapi&op=settlement ) 
ERR: Db Error: Unknown character set: 'gbk'
SELECT * FROM `33hao_web_channel` WHERE ( channel_show = '1' ) ORDER BY convert(channel_name using gbk) asc,channel_id desc LIMIT 1000  
[2016-12-08 17:58:06] /shop/ybkapi.php?act=ybkapi&op=settlement&member_id=47&token=123&settlement=1-200%2C2-1200%2C3-119 ( act=ybkapi&op=settlement ) 
ERR: Db Error: Unknown character set: 'gbk'
SELECT * FROM `33hao_web_channel` WHERE ( channel_show = '1' ) ORDER BY convert(channel_name using gbk) asc,channel_id desc LIMIT 1000  
[2016-12-08 17:58:40] /shop/ybkapi.php?act=ybkapi&op=settlement&member_id=47&token=123&settlement=1-200%2C2-1200%2C3-119 ( act=ybkapi&op=settlement ) 
ERR: Db Error: Unknown character set: 'gbk'
SELECT * FROM `33hao_web_channel` WHERE ( channel_show = '1' ) ORDER BY convert(channel_name using gbk) asc,channel_id desc LIMIT 1000  
[2016-12-08 18:00:45] /shop/ybkapi.php?act=ybkapi&op=settlement&member_id=47&token=123&settlement=1-200%2C2-1200%2C3-119 ( act=ybkapi&op=settlement ) 
ERR: Db Error: Unknown character set: 'gbk'
SELECT * FROM `33hao_web_channel` WHERE ( channel_show = '1' ) ORDER BY convert(channel_name using gbk) asc,channel_id desc LIMIT 1000  
