[2016-12-26 09:08:18] / ( act=index&op=index ) 
ERR: Db Error: Unknown character set: 'gbk'
SELECT * FROM `33hao_web_channel` WHERE ( channel_show = '1' ) ORDER BY convert(channel_name using gbk) asc,channel_id desc LIMIT 1000  
[2016-12-26 09:08:18] /favicon.ico ( act=index&op=index ) 
ERR: Db Error: Unknown character set: 'gbk'
SELECT * FROM `33hao_web_channel` WHERE ( channel_show = '1' ) ORDER BY convert(channel_name using gbk) asc,channel_id desc LIMIT 1000  
[2016-12-26 09:08:51] /shop/index.php?act=index&op=json_area&src=cache&callback=jQuery18206012795903844572_1482714530430&_=1482714530863 ( act=index&op=json_area ) 
ERR: Db Error: Unknown character set: 'gbk'
SELECT * FROM `33hao_web_channel` WHERE ( channel_show = '1' ) ORDER BY convert(channel_name using gbk) asc,channel_id desc LIMIT 1000  
[2016-12-26 09:09:12] /shop/index.php?act=index&op=json_area&src=cache&callback=jQuery18208224115415943326_1482714551708&_=1482714552217 ( act=index&op=json_area ) 
ERR: Db Error: Unknown character set: 'gbk'
SELECT * FROM `33hao_web_channel` WHERE ( channel_show = '1' ) ORDER BY convert(channel_name using gbk) asc,channel_id desc LIMIT 1000  
[2016-12-26 09:10:12] /shop/index.php?act=index&op=json_area&src=cache&callback=jQuery1820004503288694158614_1482714612151&_=1482714612608 ( act=index&op=json_area ) 
ERR: Db Error: Unknown character set: 'gbk'
SELECT * FROM `33hao_web_channel` WHERE ( channel_show = '1' ) ORDER BY convert(channel_name using gbk) asc,channel_id desc LIMIT 1000  
[2016-12-26 09:10:47] /shop/index.php?act=index&op=json_area&src=cache&callback=jQuery18205912118316367588_1482714646417&_=1482714646893 ( act=index&op=json_area ) 
ERR: Db Error: Unknown character set: 'gbk'
SELECT * FROM `33hao_web_channel` WHERE ( channel_show = '1' ) ORDER BY convert(channel_name using gbk) asc,channel_id desc LIMIT 1000  
[2016-12-26 09:10:56] /shop/index.php?act=index&op=json_area&src=cache&callback=jQuery182042719611711059435_1482714655454&_=1482714655940 ( act=index&op=json_area ) 
ERR: Db Error: Unknown character set: 'gbk'
SELECT * FROM `33hao_web_channel` WHERE ( channel_show = '1' ) ORDER BY convert(channel_name using gbk) asc,channel_id desc LIMIT 1000  
[2016-12-26 09:11:35] /shop/index.php?act=index&op=json_area&src=cache&callback=jQuery182039353817092134336_1482714694709&_=1482714695188 ( act=index&op=json_area ) 
ERR: Db Error: Unknown character set: 'gbk'
SELECT * FROM `33hao_web_channel` WHERE ( channel_show = '1' ) ORDER BY convert(channel_name using gbk) asc,channel_id desc LIMIT 1000  
[2016-12-26 09:13:02] /shop/index.php?act=index&op=json_area&src=cache&callback=jQuery182011089106658670322_1482714781377&_=1482714781899 ( act=index&op=json_area ) 
ERR: Db Error: Unknown character set: 'gbk'
SELECT * FROM `33hao_web_channel` WHERE ( channel_show = '1' ) ORDER BY convert(channel_name using gbk) asc,channel_id desc LIMIT 1000  
[2016-12-26 09:20:17] /shop/index.php?act=index&op=json_area&src=cache&callback=jQuery18207259451717733113_1482715216772&_=1482715217328 ( act=index&op=json_area ) 
ERR: Db Error: Unknown character set: 'gbk'
SELECT * FROM `33hao_web_channel` WHERE ( channel_show = '1' ) ORDER BY convert(channel_name using gbk) asc,channel_id desc LIMIT 1000  
[2016-12-26 09:20:59] /shop/index.php?act=index&op=json_area&src=cache&callback=jQuery18205720182892284419_1482715258766&_=1482715259212 ( act=index&op=json_area ) 
ERR: Db Error: Unknown character set: 'gbk'
SELECT * FROM `33hao_web_channel` WHERE ( channel_show = '1' ) ORDER BY convert(channel_name using gbk) asc,channel_id desc LIMIT 1000  
[2016-12-26 09:27:41] /shop/index.php?act=index&op=json_area_show&area_id=0&callback=jQuery18208860022798122326_1482715661197&_=1482715661653 ( act=index&op=json_area_show ) 
ERR: Db Error: Unknown character set: 'gbk'
SELECT * FROM `33hao_web_channel` WHERE ( channel_show = '1' ) ORDER BY convert(channel_name using gbk) asc,channel_id desc LIMIT 1000  
[2016-12-26 09:31:06] /shop/index.php?act=index&op=json_area_show&area_id=0&callback=jQuery182031657355994643865_1482715865357&_=1482715865783 ( act=index&op=json_area_show ) 
ERR: Db Error: Unknown character set: 'gbk'
SELECT * FROM `33hao_web_channel` WHERE ( channel_show = '1' ) ORDER BY convert(channel_name using gbk) asc,channel_id desc LIMIT 1000  
[2016-12-26 09:35:05] /shop/index.php?act=store_goods_online&op=edit_save_goods&inajax=1 ( act=store_goods_online&op=edit_save_goods ) 
ERR: Db Error: Unknown column 'goods_type' in 'field list'
UPDATE `33hao_goods` SET goods_commonid='100103',goods_name='白葡萄酒 赤霞珠 23° 冰酒 法国 ewrewrew ewrewrew 乳酪',goods_jingle='暂无卖点',goods_type='红葡萄,白葡萄',rebate='20',store_id='1',store_name='官方旗舰店',gc_id='630',gc_id_1='593',gc_id_2='598',gc_id_3='630',brand_id='0',goods_price='0.01',goods_marketprice='10010.00',goods_serial='',goods_storage_alarm='0',goods_spec='a:7:{i:449;s:9:\"赤霞珠\";i:436;s:4:\"23°\";i:447;s:6:\"冰酒\";i:458;s:6:\"法国\";i:467;s:8:\"ewrewrew\";i:468;s:8:\"ewrewrew\";i:478;s:6:\"乳酪\";}',goods_storage='99',goods_state='1',goods_verify='1',goods_edittime='1482716105',areaid_1='0',areaid_2='0',color_id='449',transport_id='0',goods_freight='0',goods_vat='0',goods_commend='1',goods_stcids='',is_virtual='0',virtual_indate='0',virtual_limit='0',virtual_invalid_refund='0',is_fcode='0',is_appoint='0',is_presell='0',is_own_shop='1' WHERE ( goods_id IN ('276') )
[2016-12-26 09:35:11] /shop/index.php?act=index&op=json_area_show&area_id=0&callback=jQuery182008013618229490083_1482716110466&_=1482716110912 ( act=index&op=json_area_show ) 
ERR: Db Error: Unknown character set: 'gbk'
SELECT * FROM `33hao_web_channel` WHERE ( channel_show = '1' ) ORDER BY convert(channel_name using gbk) asc,channel_id desc LIMIT 1000  
[2016-12-26 09:46:49] /shop/index.php?act=index&op=json_area_show&area_id=0&callback=jQuery18206401175866572086_1482716808871&_=1482716809422 ( act=index&op=json_area_show ) 
ERR: Db Error: Unknown character set: 'gbk'
SELECT * FROM `33hao_web_channel` WHERE ( channel_show = '1' ) ORDER BY convert(channel_name using gbk) asc,channel_id desc LIMIT 1000  
[2016-12-26 09:59:44] /shop/ybkapi.php?act=ybkapi&op=classlist ( act=ybkapi&op=classlist ) 
ERR: Db Error: Unknown character set: 'gbk'
SELECT * FROM `33hao_web_channel` WHERE ( channel_show = '1' ) ORDER BY convert(channel_name using gbk) asc,channel_id desc LIMIT 1000  
[2016-12-26 09:59:54] /shop/ybkapi.php?act=ybkapi&op=classlist ( act=ybkapi&op=classlist ) 
ERR: Db Error: Unknown character set: 'gbk'
SELECT * FROM `33hao_web_channel` WHERE ( channel_show = '1' ) ORDER BY convert(channel_name using gbk) asc,channel_id desc LIMIT 1000  
[2016-12-26 10:01:40] /shop/ybkapi.php?act=ybkapi&op=classlist ( act=ybkapi&op=classlist ) 
ERR: Db Error: Unknown character set: 'gbk'
SELECT * FROM `33hao_web_channel` WHERE ( channel_show = '1' ) ORDER BY convert(channel_name using gbk) asc,channel_id desc LIMIT 1000  
[2016-12-26 10:01:41] /shop/ybkapi.php?act=ybkapi&op=classlist ( act=ybkapi&op=classlist ) 
ERR: Db Error: Unknown character set: 'gbk'
SELECT * FROM `33hao_web_channel` WHERE ( channel_show = '1' ) ORDER BY convert(channel_name using gbk) asc,channel_id desc LIMIT 1000  
[2016-12-26 10:01:42] /shop/ybkapi.php?act=ybkapi&op=classlist ( act=ybkapi&op=classlist ) 
ERR: Db Error: Unknown character set: 'gbk'
SELECT * FROM `33hao_web_channel` WHERE ( channel_show = '1' ) ORDER BY convert(channel_name using gbk) asc,channel_id desc LIMIT 1000  
[2016-12-26 10:01:43] /shop/ybkapi.php?act=ybkapi&op=classlist ( act=ybkapi&op=classlist ) 
ERR: Db Error: Unknown character set: 'gbk'
SELECT * FROM `33hao_web_channel` WHERE ( channel_show = '1' ) ORDER BY convert(channel_name using gbk) asc,channel_id desc LIMIT 1000  
[2016-12-26 10:01:44] /shop/ybkapi.php?act=ybkapi&op=classlist ( act=ybkapi&op=classlist ) 
ERR: Db Error: Unknown character set: 'gbk'
SELECT * FROM `33hao_web_channel` WHERE ( channel_show = '1' ) ORDER BY convert(channel_name using gbk) asc,channel_id desc LIMIT 1000  
[2016-12-26 10:01:45] /shop/ybkapi.php?act=ybkapi&op=classlist ( act=ybkapi&op=classlist ) 
ERR: Db Error: Unknown character set: 'gbk'
SELECT * FROM `33hao_web_channel` WHERE ( channel_show = '1' ) ORDER BY convert(channel_name using gbk) asc,channel_id desc LIMIT 1000  
[2016-12-26 10:01:46] /shop/ybkapi.php?act=ybkapi&op=classlist ( act=ybkapi&op=classlist ) 
ERR: Db Error: Unknown character set: 'gbk'
SELECT * FROM `33hao_web_channel` WHERE ( channel_show = '1' ) ORDER BY convert(channel_name using gbk) asc,channel_id desc LIMIT 1000  
[2016-12-26 10:01:48] /shop/ybkapi.php?act=ybkapi&op=classlist ( act=ybkapi&op=classlist ) 
ERR: Db Error: Unknown character set: 'gbk'
SELECT * FROM `33hao_web_channel` WHERE ( channel_show = '1' ) ORDER BY convert(channel_name using gbk) asc,channel_id desc LIMIT 1000  
[2016-12-26 10:01:49] /shop/ybkapi.php?act=ybkapi&op=classlist ( act=ybkapi&op=classlist ) 
ERR: Db Error: Unknown character set: 'gbk'
SELECT * FROM `33hao_web_channel` WHERE ( channel_show = '1' ) ORDER BY convert(channel_name using gbk) asc,channel_id desc LIMIT 1000  
[2016-12-26 10:01:50] /shop/ybkapi.php?act=ybkapi&op=classlist ( act=ybkapi&op=classlist ) 
ERR: Db Error: Unknown character set: 'gbk'
SELECT * FROM `33hao_web_channel` WHERE ( channel_show = '1' ) ORDER BY convert(channel_name using gbk) asc,channel_id desc LIMIT 1000  
[2016-12-26 10:02:20] /shop/ybkapi.php?act=ybkapi&op=memberinfo ( act=ybkapi&op=memberinfo ) 
ERR: Db Error: Unknown character set: 'gbk'
SELECT * FROM `33hao_web_channel` WHERE ( channel_show = '1' ) ORDER BY convert(channel_name using gbk) asc,channel_id desc LIMIT 1000  
[2016-12-26 10:03:13] /shop/ybkapi.php?act=ybkapi&op=ybkbalance&member_id=47&token=123 ( act=ybkapi&op=ybkbalance ) 
ERR: Db Error: Unknown character set: 'gbk'
SELECT * FROM `33hao_web_channel` WHERE ( channel_show = '1' ) ORDER BY convert(channel_name using gbk) asc,channel_id desc LIMIT 1000  
[2016-12-26 10:03:18] /shop/ybkapi.php?act=ybkapi&op=ybkbalance&member_id=47&token=123 ( act=ybkapi&op=ybkbalance ) 
ERR: Db Error: Unknown character set: 'gbk'
SELECT * FROM `33hao_web_channel` WHERE ( channel_show = '1' ) ORDER BY convert(channel_name using gbk) asc,channel_id desc LIMIT 1000  
[2016-12-26 10:03:37] /shop/ybkapi.php?act=ybkapi&op=ybkbalance&member_id=1&token=123 ( act=ybkapi&op=ybkbalance ) 
ERR: Db Error: Unknown character set: 'gbk'
SELECT * FROM `33hao_web_channel` WHERE ( channel_show = '1' ) ORDER BY convert(channel_name using gbk) asc,channel_id desc LIMIT 1000  
[2016-12-26 10:03:40] /shop/ybkapi.php?act=ybkapi&op=ybkbalance&member_id=1&token=123 ( act=ybkapi&op=ybkbalance ) 
ERR: Db Error: Unknown character set: 'gbk'
SELECT * FROM `33hao_web_channel` WHERE ( channel_show = '1' ) ORDER BY convert(channel_name using gbk) asc,channel_id desc LIMIT 1000  
[2016-12-26 10:04:12] /shop/ybkapi.php?act=ybkapi&op=ybkbalance&member_id=1&token=123 ( act=ybkapi&op=ybkbalance ) 
ERR: Db Error: Unknown character set: 'gbk'
SELECT * FROM `33hao_web_channel` WHERE ( channel_show = '1' ) ORDER BY convert(channel_name using gbk) asc,channel_id desc LIMIT 1000  
[2016-12-26 10:13:42] /shop/index.php?act=index&op=json_area_show&area_id=0&callback=jQuery18202899366035478792_1482718421577&_=1482718422122 ( act=index&op=json_area_show ) 
ERR: Db Error: Unknown character set: 'gbk'
SELECT * FROM `33hao_web_channel` WHERE ( channel_show = '1' ) ORDER BY convert(channel_name using gbk) asc,channel_id desc LIMIT 1000  
[2016-12-26 10:14:11] /shop/index.php?act=index&op=json_area_show&area_id=0&callback=jQuery182018328572302003932_1482718451052&_=1482718451637 ( act=index&op=json_area_show ) 
ERR: Db Error: Unknown character set: 'gbk'
SELECT * FROM `33hao_web_channel` WHERE ( channel_show = '1' ) ORDER BY convert(channel_name using gbk) asc,channel_id desc LIMIT 1000  
[2016-12-26 10:14:25] /shop/index.php?act=index&op=json_area&src=cache&callback=jQuery18209302588381392676_1482718465316&_=1482718465757 ( act=index&op=json_area ) 
ERR: Db Error: Unknown character set: 'gbk'
SELECT * FROM `33hao_web_channel` WHERE ( channel_show = '1' ) ORDER BY convert(channel_name using gbk) asc,channel_id desc LIMIT 1000  
[2016-12-26 10:20:07] /shop/ybkapi.php?act=ybkapi&op=classlist ( act=ybkapi&op=classlist ) 
ERR: Db Error: Unknown character set: 'gbk'
SELECT * FROM `33hao_web_channel` WHERE ( channel_show = '1' ) ORDER BY convert(channel_name using gbk) asc,channel_id desc LIMIT 1000  
[2016-12-26 10:20:23] /shop/ybkapi.php?act=ybkapi&op=classlist ( act=ybkapi&op=classlist ) 
ERR: Db Error: Unknown character set: 'gbk'
SELECT * FROM `33hao_web_channel` WHERE ( channel_show = '1' ) ORDER BY convert(channel_name using gbk) asc,channel_id desc LIMIT 1000  
[2016-12-26 10:39:33] /shop/ybkapi.php?act=ybkapi&op=goodslist&member_id=47 ( act=ybkapi&op=goodslist ) 
ERR: Db Error: Unknown character set: 'gbk'
SELECT * FROM `33hao_web_channel` WHERE ( channel_show = '1' ) ORDER BY convert(channel_name using gbk) asc,channel_id desc LIMIT 1000  
[2016-12-26 10:41:50] /shop/ybkapi.php?act=ybkapi&op=goodslist&member_id=47 ( act=ybkapi&op=goodslist ) 
ERR: Db Error: Unknown character set: 'gbk'
SELECT * FROM `33hao_web_channel` WHERE ( channel_show = '1' ) ORDER BY convert(channel_name using gbk) asc,channel_id desc LIMIT 1000  
[2016-12-26 10:42:27] /shop/ybkapi.php?act=ybkapi&op=goodslist&member_id=47&class=%E4%BA%A7%E5%9C%B0&sp_value_id=445 ( act=ybkapi&op=goodslist ) 
ERR: Db Error: Unknown character set: 'gbk'
SELECT * FROM `33hao_web_channel` WHERE ( channel_show = '1' ) ORDER BY convert(channel_name using gbk) asc,channel_id desc LIMIT 1000  
[2016-12-26 10:42:40] /shop/ybkapi.php?act=ybkapi&op=goodslist&member_id=47 ( act=ybkapi&op=goodslist ) 
ERR: Db Error: Unknown character set: 'gbk'
SELECT * FROM `33hao_web_channel` WHERE ( channel_show = '1' ) ORDER BY convert(channel_name using gbk) asc,channel_id desc LIMIT 1000  
[2016-12-26 10:42:53] /shop/ybkapi.php?act=ybkapi&op=goodslist&member_id=47 ( act=ybkapi&op=goodslist ) 
ERR: Db Error: Unknown character set: 'gbk'
SELECT * FROM `33hao_web_channel` WHERE ( channel_show = '1' ) ORDER BY convert(channel_name using gbk) asc,channel_id desc LIMIT 1000  
[2016-12-26 10:42:58] /shop/ybkapi.php?act=ybkapi&op=goodslist&member_id=47&class=%E4%BA%A7%E5%9C%B0&sp_value_id=438 ( act=ybkapi&op=goodslist ) 
ERR: Db Error: Unknown character set: 'gbk'
SELECT * FROM `33hao_web_channel` WHERE ( channel_show = '1' ) ORDER BY convert(channel_name using gbk) asc,channel_id desc LIMIT 1000  
[2016-12-26 10:43:15] /shop/ybkapi.php?act=ybkapi&op=goodslist&member_id=47&class=%E7%BA%A2%E9%85%92%E7%B1%BB%E5%88%AB&sp_value_id=445 ( act=ybkapi&op=goodslist ) 
ERR: Db Error: Unknown character set: 'gbk'
SELECT * FROM `33hao_web_channel` WHERE ( channel_show = '1' ) ORDER BY convert(channel_name using gbk) asc,channel_id desc LIMIT 1000  
[2016-12-26 10:52:14] /shop/ybkapi.php?act=ybkapi&op=goodslist&member_id=47&class=%E8%91%A1%E8%90%84%E5%93%81%E7%A7%8D&sp_value_id=449 ( act=ybkapi&op=goodslist ) 
ERR: Db Error: Unknown character set: 'gbk'
SELECT * FROM `33hao_web_channel` WHERE ( channel_show = '1' ) ORDER BY convert(channel_name using gbk) asc,channel_id desc LIMIT 1000  
[2016-12-26 10:53:23] /shop/ybkapi.php?act=ybkapi&op=goodslist&member_id=47&class=%E8%91%A1%E8%90%84%E5%93%81%E7%A7%8D&sp_value_id=449 ( act=ybkapi&op=goodslist ) 
ERR: Db Error: Unknown character set: 'gbk'
SELECT * FROM `33hao_web_channel` WHERE ( channel_show = '1' ) ORDER BY convert(channel_name using gbk) asc,channel_id desc LIMIT 1000  
[2016-12-26 10:53:44] /shop/ybkapi.php?act=ybkapi&op=goodslist&member_id=47&class=%E8%91%A1%E8%90%84%E5%93%81%E7%A7%8D&sp_value_id=451 ( act=ybkapi&op=goodslist ) 
ERR: Db Error: Unknown character set: 'gbk'
SELECT * FROM `33hao_web_channel` WHERE ( channel_show = '1' ) ORDER BY convert(channel_name using gbk) asc,channel_id desc LIMIT 1000  
[2016-12-26 10:54:07] /shop/ybkapi.php?act=ybkapi&op=goodslist&member_id=47&class=%E8%91%A1%E8%90%84%E5%93%81%E7%A7%8D&sp_value_id=451 ( act=ybkapi&op=goodslist ) 
ERR: Db Error: Unknown character set: 'gbk'
SELECT * FROM `33hao_web_channel` WHERE ( channel_show = '1' ) ORDER BY convert(channel_name using gbk) asc,channel_id desc LIMIT 1000  
[2016-12-26 16:49:52] /shop/ybkapi.php?act=ybkapi&op=login&user_name=13621286210&password=123456 ( act=ybkapi&op=login ) 
ERR: Db Error: Unknown character set: 'gbk'
SELECT * FROM `33hao_web_channel` WHERE ( channel_show = '1' ) ORDER BY convert(channel_name using gbk) asc,channel_id desc LIMIT 1000  
[2016-12-26 16:50:23] /shop/ybkapi.php?act=ybkapi&op=login&user_name=13621286210&password=123456 ( act=ybkapi&op=login ) 
ERR: Db Error: Unknown character set: 'gbk'
SELECT * FROM `33hao_web_channel` WHERE ( channel_show = '1' ) ORDER BY convert(channel_name using gbk) asc,channel_id desc LIMIT 1000  
[2016-12-26 16:50:41] /shop/ybkapi.php?act=ybkapi&op=login&user_name=13621286210&password=123456 ( act=ybkapi&op=login ) 
ERR: Db Error: Unknown character set: 'gbk'
SELECT * FROM `33hao_web_channel` WHERE ( channel_show = '1' ) ORDER BY convert(channel_name using gbk) asc,channel_id desc LIMIT 1000  
[2016-12-26 16:53:59] /shop/ybkapi.php?act=ybkapi&op=login&user_name=13621286210&password=123456 ( act=ybkapi&op=login ) 
ERR: Db Error: Unknown character set: 'gbk'
SELECT * FROM `33hao_web_channel` WHERE ( channel_show = '1' ) ORDER BY convert(channel_name using gbk) asc,channel_id desc LIMIT 1000  
[2016-12-26 16:54:17] /shop/ybkapi.php?act=ybkapi&op=login&user_name=13621286210&password=123456 ( act=ybkapi&op=login ) 
ERR: Db Error: Unknown character set: 'gbk'
SELECT * FROM `33hao_web_channel` WHERE ( channel_show = '1' ) ORDER BY convert(channel_name using gbk) asc,channel_id desc LIMIT 1000  
[2016-12-26 16:54:37] /shop/ybkapi.php?act=ybkapi&op=login&user_name=15600788257&password=000000 ( act=ybkapi&op=login ) 
ERR: Db Error: Unknown character set: 'gbk'
SELECT * FROM `33hao_web_channel` WHERE ( channel_show = '1' ) ORDER BY convert(channel_name using gbk) asc,channel_id desc LIMIT 1000  
[2016-12-26 16:54:59] /shop/ybkapi.php?act=ybkapi&op=login&user_name=15600788257&password=000000 ( act=ybkapi&op=login ) 
ERR: Db Error: Unknown character set: 'gbk'
SELECT * FROM `33hao_web_channel` WHERE ( channel_show = '1' ) ORDER BY convert(channel_name using gbk) asc,channel_id desc LIMIT 1000  
[2016-12-26 16:57:24] /shop/ybkapi.php?act=ybkapi&op=login&user_name=13621286210&password=123456 ( act=ybkapi&op=login ) 
ERR: Db Error: Unknown character set: 'gbk'
SELECT * FROM `33hao_web_channel` WHERE ( channel_show = '1' ) ORDER BY convert(channel_name using gbk) asc,channel_id desc LIMIT 1000  
[2016-12-26 16:59:27] /shop/ybkapi.php?act=ybkapi&op=login&user_name=13621286210&password=123456 ( act=ybkapi&op=login ) 
ERR: Db Error: Unknown character set: 'gbk'
SELECT * FROM `33hao_web_channel` WHERE ( channel_show = '1' ) ORDER BY convert(channel_name using gbk) asc,channel_id desc LIMIT 1000  
