[2016-12-29 11:36:51] /shop/ybkapi.php?act=ybkapi&op=neworder&member_id=47&token=123&cart_id=21&account=balance,drinksbalance ( act=ybkapi&op=neworder ) 
ERR: Db Error: Unknown character set: 'gbk'
SELECT * FROM `33hao_web_channel` WHERE ( channel_show = '1' ) ORDER BY convert(channel_name using gbk) asc,channel_id desc LIMIT 1000  
[2016-12-29 11:36:51] /favicon.ico ( act=index&op=index ) 
ERR: Db Error: Unknown character set: 'gbk'
SELECT * FROM `33hao_web_channel` WHERE ( channel_show = '1' ) ORDER BY convert(channel_name using gbk) asc,channel_id desc LIMIT 1000  
[2016-12-29 11:36:52] /favicon.ico ( act=index&op=index ) 
ERR: Db Error: Unknown character set: 'gbk'
SELECT * FROM `33hao_web_channel` WHERE ( channel_show = '1' ) ORDER BY convert(channel_name using gbk) asc,channel_id desc LIMIT 1000  
[2016-12-29 11:37:20] /shop/ybkapi.php?act=ybkapi&op=neworder&member_id=47&token=761d9f4f42eb02367074fa03671d8de6&cart_id=21&account=balance,drinksbalance ( act=ybkapi&op=neworder ) 
ERR: Db Error: Unknown character set: 'gbk'
SELECT * FROM `33hao_web_channel` WHERE ( channel_show = '1' ) ORDER BY convert(channel_name using gbk) asc,channel_id desc LIMIT 1000  
[2016-12-29 11:37:20] /shop/ybkapi.php?act=ybkapi&op=neworder&member_id=47&token=761d9f4f42eb02367074fa03671d8de6&cart_id=21&account=balance,drinksbalance ( act=ybkapi&op=neworder ) 
ERR: Db Error: Unknown column 'member_id' in 'where clause'
update 33hao_ybk_member set ybk_balance=ybk_balance-0 where member_id=47
[2016-12-29 11:38:04] /shop/ybkapi.php?act=ybkapi&op=neworder&member_id=47&token=761d9f4f42eb02367074fa03671d8de6&cart_id=465&account=balance,drinksbalance ( act=ybkapi&op=neworder ) 
ERR: Db Error: Unknown character set: 'gbk'
SELECT * FROM `33hao_web_channel` WHERE ( channel_show = '1' ) ORDER BY convert(channel_name using gbk) asc,channel_id desc LIMIT 1000  
[2016-12-29 11:38:04] /shop/ybkapi.php?act=ybkapi&op=neworder&member_id=47&token=761d9f4f42eb02367074fa03671d8de6&cart_id=465&account=balance,drinksbalance ( act=ybkapi&op=neworder ) 
ERR: Db Error: Unknown column 'member_id' in 'where clause'
update 33hao_ybk_member set ybk_balance=ybk_balance-0.02 where member_id=47
