[2016-09-06 15:44:59] /shop/index.php?act=ybkapi&op=regVerify&member_mobile=13621286210 ( act=ybkapi&op=regverify ) 
ERR: Db Error: Table 'shop.33hao_' doesn't exist
INSERT  INTO `33hao_` (log_phone,log_captcha,log_ip,log_msg,log_type,add_time) VALUES ('13621286210','291024','127.0.0.1',NULL,NULL,'1473147899')
[2016-09-06 15:48:18] /shop/index.php?act=ybkapi&op=regVerify&member_mobile=13621286210 ( act=ybkapi&op=regverify ) 
ERR: Db Error: Table 'shop.33hao_' doesn't exist
INSERT  INTO `33hao_` (log_phone,log_captcha,log_ip,log_msg,log_type,add_time) VALUES ('13621286210','212335','127.0.0.1','你的验证码为212335,有效期1分钟','1','1473148098')
[2016-09-06 15:48:20] /shop/index.php?act=ybkapi&op=regVerify&member_mobile=13621286210 ( act=ybkapi&op=regverify ) 
ERR: Db Error: Table 'shop.33hao_' doesn't exist
INSERT  INTO `33hao_` (log_phone,log_captcha,log_ip,log_msg,log_type,add_time) VALUES ('13621286210','472463','127.0.0.1','你的验证码为472463,有效期1分钟','1','1473148100')
[2016-09-06 15:50:11] /shop/index.php?act=ybkapi&op=regVerify&member_mobile=13621286210 ( act=ybkapi&op=regverify ) 
ERR: Db Error: Table 'shop.33hao_' doesn't exist
INSERT  INTO `33hao_` (log_phone,log_captcha,log_ip,log_msg,log_type,add_time) VALUES ('13621286210','526489','127.0.0.1','你的验证码为526489,有效期1分钟','1','1473148211')
[2016-09-06 15:50:13] /shop/index.php?act=ybkapi&op=regVerify&member_mobile=13621286210 ( act=ybkapi&op=regverify ) 
ERR: Db Error: Table 'shop.33hao_' doesn't exist
INSERT  INTO `33hao_` (log_phone,log_captcha,log_ip,log_msg,log_type,add_time) VALUES ('13621286210','991348','127.0.0.1','你的验证码为991348,有效期1分钟','1','1473148213')
[2016-09-06 15:51:45] /shop/index.php?act=ybkapi&op=regVerify&member_mobile=13621286210 ( act=ybkapi&op=regverify ) 
ERR: Db Error: Table 'shop.33hao_' doesn't exist
INSERT  INTO `33hao_` (log_id,log_phone,log_captcha,log_ip,log_msg,log_type,add_time) VALUES (NULL,'13621286210','475485','127.0.0.1','你的验证码为475485,有效期1分钟','1','1473148305')
[2016-09-06 15:54:53] /shop/index.php?act=ybkapi&op=regVerify&member_mobile=13621286210 ( act=ybkapi&op=regverify ) 
ERR: Db Error: Table 'shop.33hao_' doesn't exist
INSERT  INTO `33hao_` (log_id,log_phone,log_captcha,log_ip,log_msg,log_type,add_time) VALUES (NULL,'13621286210','474688','127.0.0.1','你的验证码为474688,有效期1分钟','1','1473148493')
[2016-09-06 15:55:46] /shop/index.php?act=ybkapi&op=regVerify&member_mobile=13621286210 ( act=ybkapi&op=regverify ) 
ERR: Db Error: Table 'shop.33hao_' doesn't exist
INSERT  INTO `33hao_` (log_phone,log_captcha,log_ip,log_msg,log_type,add_time) VALUES ('13621286210','755966','127.0.0.1','你的验证码为755966,有效期1分钟','1','1473148546')
[2016-09-06 16:01:08] /shop/index.php?act=ybkapi&op=regVerify&member_mobile=13621286210 ( act=ybkapi&op=regverify ) 
ERR: Db Error: Table 'shop.33hao_' doesn't exist
INSERT  INTO `33hao_` (log_id,log_phone,log_captcha,log_ip,log_msg,log_type,add_time) VALUES (NULL,'13621286210','580020','127.0.0.1','你的验证码为580020,有效期1分钟','1','1473148868')
[2016-09-06 16:01:10] /shop/index.php?act=ybkapi&op=regVerify&member_mobile=13621286210 ( act=ybkapi&op=regverify ) 
ERR: Db Error: Table 'shop.33hao_' doesn't exist
INSERT  INTO `33hao_` (log_id,log_phone,log_captcha,log_ip,log_msg,log_type,add_time) VALUES (NULL,'13621286210','612155','127.0.0.1','你的验证码为612155,有效期1分钟','1','1473148870')
[2016-09-06 16:03:10] /shop/index.php?act=ybkapi&op=regVerify&member_mobile=13621286210 ( act=ybkapi&op=regverify ) 
ERR: Db Error: Table 'shop.33hao_' doesn't exist
INSERT  INTO `33hao_` (log_id,log_phone,log_captcha,log_ip,log_msg,log_type,add_time,member_id,member_name) VALUES (NULL,'13621286210','702050','127.0.0.1','你的验证码为702050,有效期1分钟','1','1473148990','7','asd')
[2016-09-06 16:03:12] /shop/index.php?act=ybkapi&op=regVerify&member_mobile=13621286210 ( act=ybkapi&op=regverify ) 
ERR: Db Error: Table 'shop.33hao_' doesn't exist
INSERT  INTO `33hao_` (log_id,log_phone,log_captcha,log_ip,log_msg,log_type,add_time,member_id,member_name) VALUES (NULL,'13621286210','836083','127.0.0.1','你的验证码为836083,有效期1分钟','1','1473148992','7','asd')
[2016-09-06 16:04:47] /shop/index.php?act=ybkapi&op=regVerify&member_mobile=13621286210 ( act=ybkapi&op=regverify ) 
ERR: Db Error: Table 'shop.33hao_' doesn't exist
INSERT  INTO `33hao_` (log_id,log_phone,log_captcha,log_ip,log_msg,log_type,add_time,member_id,member_name) VALUES (NULL,'13621286210','352548','127.0.0.1','你的验证码为352548,有效期1分钟','1','1473149087','7','asd')
[2016-09-06 16:30:50] /shop/index.php?act=ybkapi&op=reg&member_mobile=13621286210&verify=123456 ( act=ybkapi&op=reg ) 
ERR: Db Error: Table 'shop.33hao_' doesn't exist
SELECT * FROM `33hao_` WHERE ( member_mobile = '13621286210' ) AND ( log_captcha = '123456' ) LIMIT 1  
[2016-09-06 16:31:26] /shop/index.php?act=ybkapi&op=reg&member_mobile=13621286210&verify=947183 ( act=ybkapi&op=reg ) 
ERR: Db Error: Table 'shop.33hao_' doesn't exist
SELECT * FROM `33hao_` WHERE ( member_mobile = '13621286210' ) AND ( log_captcha = '947183' ) LIMIT 1  
[2016-09-06 16:31:28] /shop/index.php?act=ybkapi&op=reg&member_mobile=13621286210&verify=947183 ( act=ybkapi&op=reg ) 
ERR: Db Error: Table 'shop.33hao_' doesn't exist
SELECT * FROM `33hao_` WHERE ( member_mobile = '13621286210' ) AND ( log_captcha = '947183' ) LIMIT 1  
[2016-09-06 16:31:55] /shop/index.php?act=ybkapi&op=reg&member_mobile=13621286210&verify=947183 ( act=ybkapi&op=reg ) 
ERR: Db Error: Table 'shop.33hao_' doesn't exist
SELECT * FROM `33hao_` WHERE ( member_mobile = '13621286210' ) AND ( log_captcha = '947183' ) LIMIT 1  
[2016-09-06 16:31:58] /shop/index.php?act=ybkapi&op=reg&member_mobile=13621286210&verify=947183 ( act=ybkapi&op=reg ) 
ERR: Db Error: Table 'shop.33hao_' doesn't exist
SELECT * FROM `33hao_` WHERE ( member_mobile = '13621286210' ) AND ( log_captcha = '947183' ) LIMIT 1  
[2016-09-06 16:32:26] /shop/index.php?act=ybkapi&op=reg&member_mobile=13621286210&verify=947183 ( act=ybkapi&op=reg ) 
ERR: Db Error: Table 'shop.33hao_' doesn't exist
SELECT * FROM `33hao_` WHERE ( member_mobile = '13621286210' ) AND ( log_captcha = '947183' ) LIMIT 1  
[2016-09-06 16:33:48] /shop/index.php?act=ybkapi&op=reg&member_mobile=13621286210&verify=947183 ( act=ybkapi&op=reg ) 
ERR: Db Error: Unknown column 'member_mobile' in 'where clause'
SELECT * FROM `33hao_sms_log` WHERE ( member_mobile = '13621286210' ) AND ( log_captcha = '947183' ) LIMIT 1  
[2016-09-06 16:33:49] /shop/index.php?act=ybkapi&op=reg&member_mobile=13621286210&verify=947183 ( act=ybkapi&op=reg ) 
ERR: Db Error: Unknown column 'member_mobile' in 'where clause'
SELECT * FROM `33hao_sms_log` WHERE ( member_mobile = '13621286210' ) AND ( log_captcha = '947183' ) LIMIT 1  
[2016-09-06 16:34:46] /shop/index.php?act=ybkapi&op=reg&member_mobile=13621286210&verify=536184 ( act=ybkapi&op=reg ) 
ERR: Db Error: Table 'shop.33hao_' doesn't exist
SELECT * FROM `33hao_` WHERE ( member_mobile = '13621286210' ) AND ( log_captcha = '536184' ) LIMIT 1  
[2016-09-06 16:34:47] /shop/index.php?act=ybkapi&op=reg&member_mobile=13621286210&verify=536184 ( act=ybkapi&op=reg ) 
ERR: Db Error: Table 'shop.33hao_' doesn't exist
SELECT * FROM `33hao_` WHERE ( member_mobile = '13621286210' ) AND ( log_captcha = '536184' ) LIMIT 1  
[2016-09-06 16:37:17] /shop/index.php?act=ybkapi&op=reg&member_mobile=13621286210&verify=536184 ( act=ybkapi&op=reg ) 
ERR: Db Error: Unknown column 'member_mobile' in 'where clause'
SELECT * FROM `33hao_sms_log` WHERE ( member_mobile = '13621286210' ) AND ( log_captcha = '536184' ) LIMIT 1  
[2016-09-06 16:37:19] /shop/index.php?act=ybkapi&op=reg&member_mobile=13621286210&verify=536184 ( act=ybkapi&op=reg ) 
ERR: Db Error: Unknown column 'member_mobile' in 'where clause'
SELECT * FROM `33hao_sms_log` WHERE ( member_mobile = '13621286210' ) AND ( log_captcha = '536184' ) LIMIT 1  
[2016-09-06 16:38:01] /shop/index.php?act=ybkapi&op=reg&member_mobile=13621286210&verify=536184 ( act=ybkapi&op=reg ) 
ERR: Db Error: Table 'shop.33hao_' doesn't exist
SELECT * FROM `33hao_` WHERE ( log_phone = '13621286210' ) AND ( log_captcha = '536184' ) LIMIT 1  
[2016-09-06 16:38:02] /shop/index.php?act=ybkapi&op=reg&member_mobile=13621286210&verify=536184 ( act=ybkapi&op=reg ) 
ERR: Db Error: Table 'shop.33hao_' doesn't exist
SELECT * FROM `33hao_` WHERE ( log_phone = '13621286210' ) AND ( log_captcha = '536184' ) LIMIT 1  
[2016-09-06 16:56:57] /shop/index.php?act=ybkapi&op=regVerify&member_mobile=13621286210 ( act=ybkapi&op=regverify ) 
ERR: Db Error: Column 'log_msg' cannot be null
INSERT  INTO `33hao_sms_log` (log_id,log_phone,log_captcha,log_ip,log_msg,log_type,add_time) VALUES (NULL,'13621286210','','127.0.0.1',NULL,NULL,'1473152217')
[2016-09-06 17:00:34] /shop/index.php?act=ybkapi&op=regVerify&member_mobile=13621286210 ( act=ybkapi&op=regverify ) 
ERR: Db Error: Column 'log_msg' cannot be null
INSERT  INTO `33hao_sms_log` (log_id,log_phone,log_captcha,log_ip,log_msg,log_type,add_time,member_id,member_name) VALUES (NULL,'13621286210','','127.0.0.1',NULL,NULL,'1473152434','0',NULL)
[2016-09-06 17:00:36] /shop/index.php?act=ybkapi&op=regVerify&member_mobile=13621286210 ( act=ybkapi&op=regverify ) 
ERR: Db Error: Column 'log_msg' cannot be null
INSERT  INTO `33hao_sms_log` (log_id,log_phone,log_captcha,log_ip,log_msg,log_type,add_time,member_id,member_name) VALUES (NULL,'13621286210','','127.0.0.1',NULL,NULL,'1473152436','0',NULL)
[2016-09-06 17:01:23] /shop/index.php?act=ybkapi&op=regVerify&member_mobile=13621286210 ( act=ybkapi&op=regverify ) 
ERR: Db Error: Column 'log_msg' cannot be null
INSERT  INTO `33hao_sms_log` (log_id,log_phone,log_captcha,log_ip,log_msg,log_type,add_time,member_id,member_name) VALUES (NULL,'13621286210','','127.0.0.1',NULL,NULL,'1473152483','0',NULL)
[2016-09-06 17:01:24] /shop/index.php?act=ybkapi&op=regVerify&member_mobile=13621286210 ( act=ybkapi&op=regverify ) 
ERR: Db Error: Column 'log_msg' cannot be null
INSERT  INTO `33hao_sms_log` (log_id,log_phone,log_captcha,log_ip,log_msg,log_type,add_time,member_id,member_name) VALUES (NULL,'13621286210','','127.0.0.1',NULL,NULL,'1473152484','0',NULL)
[2016-09-06 17:02:17] /shop/index.php?act=ybkapi&op=regVerify&member_mobile=13621286210 ( act=ybkapi&op=regverify ) 
ERR: Db Error: Column 'log_msg' cannot be null
INSERT  INTO `33hao_sms_log` (log_id,log_phone,log_captcha,log_ip,log_msg,log_type,add_time,member_id,member_name) VALUES (NULL,'13621286210','128317','127.0.0.1',NULL,NULL,'1473152537','0',NULL)
