[2016-09-14 08:50:45] /shop/index.php?act=ybkapi&op=newinfo ( act=ybkapi&op=newinfo ) 
ERR: Db Error: Unknown column 'ybk_deadtime' in 'field list'
INSERT  INTO `33hao_ybk_info` (ybk_id,ybk_identity,ybk_type,ybk_member_id,ybk_status,ybk_viewed,ybk_city,ybk_title,ybk_price,ybk_num,ybk_lessnum,ybk_attr,ybk_buymode,ybk_addtime,ybk_deadtime,ybk_content,ybk_pic,ybk_defpic) VALUES (NULL,NULL,NULL,NULL,'0','0',NULL,NULL,NULL,NULL,NULL,NULL,NULL,'1473814245','0',NULL,NULL,NULL)
[2016-09-14 08:50:45] /favicon.ico ( act=index&op=index ) 
ERR: Db Error: Unknown character set: 'gbk'
SELECT * FROM `33hao_web_channel` WHERE ( channel_show = '1' ) ORDER BY convert(channel_name using gbk) asc,channel_id desc LIMIT 1000  
[2016-09-14 09:39:33] /shop/ybkapi.php?act=ybkapi&op=newinfo ( act=ybkapi&op=newinfo ) 
ERR: Db Error: Unknown column 'ybk_deadtime' in 'field list'
INSERT  INTO `33hao_ybk_info` (ybk_id,ybk_identity,ybk_type,ybk_member_id,ybk_status,ybk_viewed,ybk_city,ybk_title,ybk_price,ybk_num,ybk_lessnum,ybk_attr,ybk_buymode,ybk_addtime,ybk_deadtime,ybk_content,ybk_pic,ybk_defpic) VALUES (NULL,NULL,NULL,NULL,'0','0',NULL,NULL,NULL,NULL,NULL,NULL,NULL,'1473817173','0',NULL,NULL,NULL)
[2016-09-14 15:00:38] /shop/ybkapi.php?act=ybkapi&op=newinfo ( act=ybkapi&op=newinfo ) 
ERR: Db Error: Unknown column 'ybk_deadtime' in 'field list'
INSERT  INTO `33hao_ybk_info` (ybk_id,ybk_identity,ybk_type,ybk_member_id,ybk_status,ybk_viewed,ybk_city,ybk_title,ybk_price,ybk_num,ybk_lessnum,ybk_attr,ybk_buymode,ybk_addtime,ybk_deadtime,ybk_content,ybk_pic) VALUES (NULL,NULL,NULL,NULL,'0','0',NULL,NULL,NULL,NULL,NULL,NULL,NULL,'1473836438','0',NULL,NULL)
[2016-09-14 15:06:57] /shop/ybkapi.php?act=ybkapi&op=newinfo ( act=ybkapi&op=newinfo ) 
ERR: Db Error: Unknown column 'ybk_deadtime' in 'field list'
INSERT  INTO `33hao_ybk_info` (ybk_id,ybk_identity,ybk_type,ybk_member_id,ybk_status,ybk_viewed,ybk_city,ybk_title,ybk_price,ybk_num,ybk_lessnum,ybk_attr,ybk_buymode,ybk_addtime,ybk_deadtime,ybk_content,ybk_pic) VALUES (NULL,NULL,NULL,NULL,'0','0',NULL,NULL,NULL,NULL,NULL,NULL,NULL,'1473836816','0',NULL,NULL)
[2016-09-14 15:07:01] /shop/ybkapi.php?act=ybkapi&op=newinfo ( act=ybkapi&op=newinfo ) 
ERR: Db Error: Unknown column 'ybk_deadtime' in 'field list'
INSERT  INTO `33hao_ybk_info` (ybk_id,ybk_identity,ybk_type,ybk_member_id,ybk_status,ybk_viewed,ybk_city,ybk_title,ybk_price,ybk_num,ybk_lessnum,ybk_attr,ybk_buymode,ybk_addtime,ybk_deadtime,ybk_content,ybk_pic) VALUES (NULL,NULL,NULL,NULL,'0','0',NULL,NULL,NULL,NULL,NULL,NULL,NULL,'1473836821','0',NULL,NULL)
[2016-09-14 15:07:03] /shop/ybkapi.php?act=ybkapi&op=newinfo ( act=ybkapi&op=newinfo ) 
ERR: Db Error: Unknown column 'ybk_deadtime' in 'field list'
INSERT  INTO `33hao_ybk_info` (ybk_id,ybk_identity,ybk_type,ybk_member_id,ybk_status,ybk_viewed,ybk_city,ybk_title,ybk_price,ybk_num,ybk_lessnum,ybk_attr,ybk_buymode,ybk_addtime,ybk_deadtime,ybk_content,ybk_pic) VALUES (NULL,NULL,NULL,NULL,'0','0',NULL,NULL,NULL,NULL,NULL,NULL,NULL,'1473836823','0',NULL,NULL)
[2016-09-14 16:07:47] /shop/ybkapi.php?act=ybkapi&op=ybkcontent&ybk_id=1 ( act=ybkapi&op=ybkcontent ) 
ERR: Db Error: Unknown column 'id' in 'where clause'
SELECT ybk_info.*,ybk_attr.attr_value,ybk_buymode.method FROM `33hao_ybk_info` AS `ybk_info` LEFT JOIN `33hao_ybk_attr` AS `ybk_attr` ON ybk_info.ybk_attr=ybk_attr.attr_id LEFT JOIN `33hao_ybk_buymode` AS `ybk_buymode` ON ybk_info.ybk_buymode=ybk_buymode.mode_id WHERE ( id = '1' ) LIMIT 1  
[2016-09-14 16:10:19] /shop/ybkapi.php?act=ybkapi&op=ybkcontent&ybk_id=1 ( act=ybkapi&op=ybkcontent ) 
ERR: Db Error: Unknown column 'id' in 'where clause'
SELECT ybk_info.*,ybk_attr.attr_value,ybk_buymode.method FROM `33hao_ybk_info` AS `ybk_info` LEFT JOIN `33hao_ybk_attr` AS `ybk_attr` ON ybk_info.ybk_attr=ybk_attr.attr_id LEFT JOIN `33hao_ybk_buymode` AS `ybk_buymode` ON ybk_info.ybk_buymode=ybk_buymode.mode_id WHERE ( id = '1' ) LIMIT 1  
[2016-09-14 17:05:33] /shop/ybkapi.php?act=ybkapi&op=ybkcoll ( act=ybkapi&op=ybkcoll ) 
ERR: Db Error: Column 'member_id' cannot be null
INSERT  INTO `33hao_ybk_collect` (member_id,ybk_id) VALUES (NULL,NULL)
[2016-09-14 17:15:22] /shop/ybkapi.php?act=ybkapi&op=ybkcontent&ybk_id=1 ( act=ybkapi&op=ybkcontent ) 
ERR: Db Error: Column 'ybk_id' in where clause is ambiguous
SELECT ybk_info.*,ybk_attr.attr_value,ybk_buymode.method,ybk_name FROM `33hao_ybk_info` AS `ybk_info` LEFT JOIN `33hao_ybk_attr` AS `ybk_attr` ON ybk_info.ybk_attr=ybk_attr.attr_id LEFT JOIN `33hao_ybk_buymode` AS `ybk_buymode` ON ybk_info.ybk_buymode=ybk_buymode.mode_id LEFT JOIN `33hao_ybk_class` AS `ybk_class` ON ybk_type=ybk_id WHERE ( ybk_id = '1' ) LIMIT 1  
[2016-09-14 17:15:27] /shop/ybkapi.php?act=ybkapi&op=ybkcontent&ybk_id=1 ( act=ybkapi&op=ybkcontent ) 
ERR: Db Error: Column 'ybk_id' in where clause is ambiguous
SELECT ybk_info.*,ybk_attr.attr_value,ybk_buymode.method,ybk_name FROM `33hao_ybk_info` AS `ybk_info` LEFT JOIN `33hao_ybk_attr` AS `ybk_attr` ON ybk_info.ybk_attr=ybk_attr.attr_id LEFT JOIN `33hao_ybk_buymode` AS `ybk_buymode` ON ybk_info.ybk_buymode=ybk_buymode.mode_id LEFT JOIN `33hao_ybk_class` AS `ybk_class` ON ybk_type=ybk_id WHERE ( ybk_id = '1' ) LIMIT 1  
[2016-09-14 17:16:25] /shop/ybkapi.php?act=ybkapi&op=ybkcontent&ybk_id=1 ( act=ybkapi&op=ybkcontent ) 
ERR: Db Error: Column 'ybk_id' in where clause is ambiguous
SELECT ybk_info.*,ybk_attr.attr_value,ybk_buymode.method,ybk_name FROM `33hao_ybk_info` AS `ybk_info` LEFT JOIN `33hao_ybk_attr` AS `ybk_attr` ON ybk_info.ybk_attr=ybk_attr.attr_id LEFT JOIN `33hao_ybk_buymode` AS `ybk_buymode` ON ybk_info.ybk_buymode=ybk_buymode.mode_id LEFT JOIN `33hao_ybk_class` AS `ybk_class` ON ybk_info.ybk_type=ybk_class.ybk_id WHERE ( ybk_id = '1' ) LIMIT 1  
[2016-09-14 17:16:27] /shop/ybkapi.php?act=ybkapi&op=ybkcontent&ybk_id=1 ( act=ybkapi&op=ybkcontent ) 
ERR: Db Error: Column 'ybk_id' in where clause is ambiguous
SELECT ybk_info.*,ybk_attr.attr_value,ybk_buymode.method,ybk_name FROM `33hao_ybk_info` AS `ybk_info` LEFT JOIN `33hao_ybk_attr` AS `ybk_attr` ON ybk_info.ybk_attr=ybk_attr.attr_id LEFT JOIN `33hao_ybk_buymode` AS `ybk_buymode` ON ybk_info.ybk_buymode=ybk_buymode.mode_id LEFT JOIN `33hao_ybk_class` AS `ybk_class` ON ybk_info.ybk_type=ybk_class.ybk_id WHERE ( ybk_id = '1' ) LIMIT 1  
[2016-09-14 17:16:28] /shop/ybkapi.php?act=ybkapi&op=ybkcontent&ybk_id=1 ( act=ybkapi&op=ybkcontent ) 
ERR: Db Error: Column 'ybk_id' in where clause is ambiguous
SELECT ybk_info.*,ybk_attr.attr_value,ybk_buymode.method,ybk_name FROM `33hao_ybk_info` AS `ybk_info` LEFT JOIN `33hao_ybk_attr` AS `ybk_attr` ON ybk_info.ybk_attr=ybk_attr.attr_id LEFT JOIN `33hao_ybk_buymode` AS `ybk_buymode` ON ybk_info.ybk_buymode=ybk_buymode.mode_id LEFT JOIN `33hao_ybk_class` AS `ybk_class` ON ybk_info.ybk_type=ybk_class.ybk_id WHERE ( ybk_id = '1' ) LIMIT 1  
[2016-09-14 17:16:41] /shop/ybkapi.php?act=ybkapi&op=ybkcontent&ybk_id=1 ( act=ybkapi&op=ybkcontent ) 
ERR: Db Error: Column 'ybk_id' in where clause is ambiguous
SELECT ybk_info.*,ybk_attr.attr_value,ybk_buymode.method,ybk_class.ybk_name FROM `33hao_ybk_info` AS `ybk_info` LEFT JOIN `33hao_ybk_attr` AS `ybk_attr` ON ybk_info.ybk_attr=ybk_attr.attr_id LEFT JOIN `33hao_ybk_buymode` AS `ybk_buymode` ON ybk_info.ybk_buymode=ybk_buymode.mode_id LEFT JOIN `33hao_ybk_class` AS `ybk_class` ON ybk_info.ybk_type=ybk_class.ybk_id WHERE ( ybk_id = '1' ) LIMIT 1  
[2016-09-14 17:17:30] /shop/ybkapi.php?act=ybkapi&op=ybkcontent&ybk_id=1 ( act=ybkapi&op=ybkcontent ) 
ERR: Db Error: Column 'ybk_id' in where clause is ambiguous
SELECT ybk_info.*,ybk_attr.attr_value,ybk_buymode.method,ybk_class.ybk_name FROM `33hao_ybk_info` AS `ybk_info` LEFT JOIN `33hao_ybk_attr` AS `ybk_attr` ON ybk_info.ybk_attr=ybk_attr.attr_id LEFT JOIN `33hao_ybk_buymode` AS `ybk_buymode` ON ybk_info.ybk_buymode=ybk_buymode.mode_id LEFT JOIN `33hao_ybk_class` AS `ybk_class` ON ybk_info.ybk_type=ybk_class.ybk_id WHERE ( ybk_id = '1' ) LIMIT 1  
[2016-09-14 17:17:31] /shop/ybkapi.php?act=ybkapi&op=ybkcontent&ybk_id=1 ( act=ybkapi&op=ybkcontent ) 
ERR: Db Error: Column 'ybk_id' in where clause is ambiguous
SELECT ybk_info.*,ybk_attr.attr_value,ybk_buymode.method,ybk_class.ybk_name FROM `33hao_ybk_info` AS `ybk_info` LEFT JOIN `33hao_ybk_attr` AS `ybk_attr` ON ybk_info.ybk_attr=ybk_attr.attr_id LEFT JOIN `33hao_ybk_buymode` AS `ybk_buymode` ON ybk_info.ybk_buymode=ybk_buymode.mode_id LEFT JOIN `33hao_ybk_class` AS `ybk_class` ON ybk_info.ybk_type=ybk_class.ybk_id WHERE ( ybk_id = '1' ) LIMIT 1  
[2016-09-14 17:17:55] /shop/ybkapi.php?act=ybkapi&op=ybkcontent&ybk_id=1 ( act=ybkapi&op=ybkcontent ) 
ERR: Db Error: Column 'ybk_id' in where clause is ambiguous
SELECT ybk_info.*,ybk_attr.attr_value,ybk_buymode.method,ybk_class.ybk_name FROM `33hao_ybk_info` AS `ybk_info` LEFT JOIN `33hao_ybk_attr` AS `ybk_attr` ON ybk_info.ybk_attr=ybk_attr.attr_id LEFT JOIN `33hao_ybk_buymode` AS `ybk_buymode` ON ybk_info.ybk_buymode=ybk_buymode.mode_id LEFT JOIN `33hao_ybk_class` AS `ybk_class` ON ybk_info.ybk_type=ybk_class.ybk_id WHERE ( ybk_id = '1' ) LIMIT 1  
[2016-09-14 17:19:18] /shop/ybkapi.php?act=ybkapi&op=ybkcontent&ybk_id=1 ( act=ybkapi&op=ybkcontent ) 
ERR: Db Error: Column 'ybk_id' in where clause is ambiguous
SELECT ybk_info.*,ybk_attr.attr_value,ybk_buymode.method,ybk_class.ybk_name FROM `33hao_ybk_info` AS `ybk_info` LEFT JOIN `33hao_ybk_attr` AS `ybk_attr` ON ybk_info.ybk_attr=ybk_attr.attr_id LEFT JOIN `33hao_ybk_buymode` AS `ybk_buymode` ON ybk_info.ybk_buymode=ybk_buymode.mode_id LEFT JOIN `33hao_ybk_class` AS `ybk_class` ON ybk_info.ybk_type=ybk_class.ybk_id WHERE ( ybk_id = '1' ) LIMIT 1  
[2016-09-14 17:19:20] /shop/ybkapi.php?act=ybkapi&op=ybkcontent&ybk_id=1 ( act=ybkapi&op=ybkcontent ) 
ERR: Db Error: Column 'ybk_id' in where clause is ambiguous
SELECT ybk_info.*,ybk_attr.attr_value,ybk_buymode.method,ybk_class.ybk_name FROM `33hao_ybk_info` AS `ybk_info` LEFT JOIN `33hao_ybk_attr` AS `ybk_attr` ON ybk_info.ybk_attr=ybk_attr.attr_id LEFT JOIN `33hao_ybk_buymode` AS `ybk_buymode` ON ybk_info.ybk_buymode=ybk_buymode.mode_id LEFT JOIN `33hao_ybk_class` AS `ybk_class` ON ybk_info.ybk_type=ybk_class.ybk_id WHERE ( ybk_id = '1' ) LIMIT 1  
[2016-09-14 17:19:47] /shop/ybkapi.php?act=ybkapi&op=ybkcontent&ybk_id=1 ( act=ybkapi&op=ybkcontent ) 
ERR: Db Error: Column 'ybk_id' in where clause is ambiguous
SELECT ybk_info.*,ybk_attr.attr_value,ybk_buymode.method,ybk_class.ybk_name FROM `33hao_ybk_info` AS `ybk_info` LEFT JOIN `33hao_ybk_attr` AS `ybk_attr` ON ybk_info.ybk_attr=ybk_attr.attr_id LEFT JOIN `33hao_ybk_buymode` AS `ybk_buymode` ON ybk_info.ybk_buymode=ybk_buymode.mode_id LEFT JOIN `33hao_ybk_class` AS `ybk_class` ON ybk_info.ybk_type=ybk_class.ybk_id WHERE ( ybk_id = '1' ) LIMIT 1  
[2016-09-14 17:27:01] /shop/ybkapi.php?act=ybkapi&op=ybkcontent&ybk_id=1 ( act=ybkapi&op=ybkcontent ) 
ERR: Db Error: Column 'ybk_id' in where clause is ambiguous
SELECT ybk_info.*,ybk_attr.attr_value,ybk_buymode.method,ybk_class.ybk_name FROM `33hao_ybk_info` AS `ybk_info` LEFT JOIN `33hao_ybk_attr` AS `ybk_attr` ON ybk_info.ybk_attr=ybk_attr.attr_id LEFT JOIN `33hao_ybk_buymode` AS `ybk_buymode` ON ybk_info.ybk_buymode=ybk_buymode.mode_id LEFT JOIN `33hao_ybk_class` AS `ybk_class` ON ybk_info.ybk_type=ybk_class.ybk_id WHERE ( ybk_id = '1' ) LIMIT 1  
[2016-09-14 17:27:41] /shop/ybkapi.php?act=ybkapi&op=ybkcontent&ybk_id=2 ( act=ybkapi&op=ybkcontent ) 
ERR: Db Error: Column 'ybk_id' in where clause is ambiguous
SELECT ybk_info.*,ybk_attr.attr_value,ybk_buymode.method,ybk_class.ybk_name FROM `33hao_ybk_info` AS `ybk_info` LEFT JOIN `33hao_ybk_attr` AS `ybk_attr` ON ybk_info.ybk_attr=ybk_attr.attr_id LEFT JOIN `33hao_ybk_buymode` AS `ybk_buymode` ON ybk_info.ybk_buymode=ybk_buymode.mode_id LEFT JOIN `33hao_ybk_class` AS `ybk_class` ON ybk_info.ybk_type=ybk_class.ybk_id WHERE ( ybk_id = '2' ) LIMIT 1  
[2016-09-14 17:27:47] /shop/ybkapi.php?act=ybkapi&op=ybkcontent&ybk_id=3 ( act=ybkapi&op=ybkcontent ) 
ERR: Db Error: Column 'ybk_id' in where clause is ambiguous
SELECT ybk_info.*,ybk_attr.attr_value,ybk_buymode.method,ybk_class.ybk_name FROM `33hao_ybk_info` AS `ybk_info` LEFT JOIN `33hao_ybk_attr` AS `ybk_attr` ON ybk_info.ybk_attr=ybk_attr.attr_id LEFT JOIN `33hao_ybk_buymode` AS `ybk_buymode` ON ybk_info.ybk_buymode=ybk_buymode.mode_id LEFT JOIN `33hao_ybk_class` AS `ybk_class` ON ybk_info.ybk_type=ybk_class.ybk_id WHERE ( ybk_id = '3' ) LIMIT 1  
[2016-09-14 17:27:51] /shop/ybkapi.php?act=ybkapi&op=ybkcontent&ybk_id=1 ( act=ybkapi&op=ybkcontent ) 
ERR: Db Error: Column 'ybk_id' in where clause is ambiguous
SELECT ybk_info.*,ybk_attr.attr_value,ybk_buymode.method,ybk_class.ybk_name FROM `33hao_ybk_info` AS `ybk_info` LEFT JOIN `33hao_ybk_attr` AS `ybk_attr` ON ybk_info.ybk_attr=ybk_attr.attr_id LEFT JOIN `33hao_ybk_buymode` AS `ybk_buymode` ON ybk_info.ybk_buymode=ybk_buymode.mode_id LEFT JOIN `33hao_ybk_class` AS `ybk_class` ON ybk_info.ybk_type=ybk_class.ybk_id WHERE ( ybk_id = '1' ) LIMIT 1  
