[2017-05-12 09:18:59] /shop/ybkapi.php?act=ybkapi&op=verify&member_mobile=13621286210&type=login ( act=ybkapi&op=verify ) 
ERR: Db Error: Unknown character set: 'gbk'
SELECT * FROM `33hao_web_channel` WHERE ( channel_show = '1' ) ORDER BY convert(channel_name using gbk) asc,channel_id desc LIMIT 1000  
[2017-05-12 09:19:42] /shop/ybkapi.php?act=ybkapi&op=verify&member_mobile=13621286210&type=login ( act=ybkapi&op=verify ) 
ERR: Db Error: Unknown character set: 'gbk'
SELECT * FROM `33hao_web_channel` WHERE ( channel_show = '1' ) ORDER BY convert(channel_name using gbk) asc,channel_id desc LIMIT 1000  
[2017-05-12 14:38:21] / ( act=index&op=index ) 
ERR: Db Error: Unknown character set: 'gbk'
SELECT * FROM `33hao_web_channel` WHERE ( channel_show = '1' ) ORDER BY convert(channel_name using gbk) asc,channel_id desc LIMIT 1000  
[2017-05-12 14:38:24] /shop/index.php?act=index&op=viewed_info ( act=index&op=viewed_info ) 
ERR: Db Error: Unknown character set: 'gbk'
SELECT * FROM `33hao_web_channel` WHERE ( channel_show = '1' ) ORDER BY convert(channel_name using gbk) asc,channel_id desc LIMIT 1000  
[2017-05-12 15:16:48] /shop/index.php?act=index&op=json_area&src=cache&callback=jQuery182016459620633123884_1494573407533&_=1494573408030 ( act=index&op=json_area ) 
ERR: Db Error: Unknown character set: 'gbk'
SELECT * FROM `33hao_web_channel` WHERE ( channel_show = '1' ) ORDER BY convert(channel_name using gbk) asc,channel_id desc LIMIT 1000  
[2017-05-12 15:23:29] /shop/index.php?act=index&op=json_area&src=cache&callback=jQuery18208725516018648969_1494573808678&_=1494573809223 ( act=index&op=json_area ) 
ERR: Db Error: Unknown character set: 'gbk'
SELECT * FROM `33hao_web_channel` WHERE ( channel_show = '1' ) ORDER BY convert(channel_name using gbk) asc,channel_id desc LIMIT 1000  
[2017-05-12 15:28:09] /shop/index.php?act=index&op=json_area&src=cache&callback=jQuery18206001044687673953_1494574088813&_=1494574089407 ( act=index&op=json_area ) 
ERR: Db Error: Unknown character set: 'gbk'
SELECT * FROM `33hao_web_channel` WHERE ( channel_show = '1' ) ORDER BY convert(channel_name using gbk) asc,channel_id desc LIMIT 1000  
[2017-05-12 15:28:28] /shop/index.php?act=index&op=json_area&src=cache&callback=jQuery18208450699287576315_1494574107256&_=1494574107787 ( act=index&op=json_area ) 
ERR: Db Error: Unknown character set: 'gbk'
SELECT * FROM `33hao_web_channel` WHERE ( channel_show = '1' ) ORDER BY convert(channel_name using gbk) asc,channel_id desc LIMIT 1000  
[2017-05-12 15:32:27] /shop/index.php?act=index&op=json_area&src=cache&callback=jQuery18205646945784135776_1494574346166&_=1494574347013 ( act=index&op=json_area ) 
ERR: Db Error: Unknown character set: 'gbk'
SELECT * FROM `33hao_web_channel` WHERE ( channel_show = '1' ) ORDER BY convert(channel_name using gbk) asc,channel_id desc LIMIT 1000  
[2017-05-12 17:27:27] / ( act=index&op=index ) 
ERR: Db Error: Unknown character set: 'gbk'
SELECT * FROM `33hao_web_channel` WHERE ( channel_show = '1' ) ORDER BY convert(channel_name using gbk) asc,channel_id desc LIMIT 1000  
