[2017-06-09 11:40:56] /shop/ybkapi.php?act=ybkapi&op=settle ( act=ybkapi&op=settle ) 
ERR: Db Error: Unknown character set: 'gbk'
SELECT * FROM `33hao_web_channel` WHERE ( channel_show = '1' ) ORDER BY convert(channel_name using gbk) asc,channel_id desc LIMIT 1000  
[2017-06-09 11:41:23] /shop/ybkapi.php?act=ybkapi&op=settlement ( act=ybkapi&op=settlement ) 
ERR: Db Error: Unknown character set: 'gbk'
SELECT * FROM `33hao_web_channel` WHERE ( channel_show = '1' ) ORDER BY convert(channel_name using gbk) asc,channel_id desc LIMIT 1000  
[2017-06-09 11:41:23] /shop/ybkapi.php?act=ybkapi&op=settlement ( act=ybkapi&op=settlement ) 
ERR: Db Error: You have an error in your SQL syntax; check the manual that corresponds to your MySQL server version for the right syntax to use near 'and deposit_method=17 and deposit_time>1496374883 LIMIT 1' at line 1
SELECT sum(deposit_money) FROM `33hao_ybk_deposit` WHERE member_id= and deposit_method=17 and deposit_time>1496374883 LIMIT 1  
[2017-06-09 11:43:26] /shop/ybkapi.php?act=ybkapi&op=settlement&cart_id=1496 ( act=ybkapi&op=settlement ) 
ERR: Db Error: Unknown character set: 'gbk'
SELECT * FROM `33hao_web_channel` WHERE ( channel_show = '1' ) ORDER BY convert(channel_name using gbk) asc,channel_id desc LIMIT 1000  
[2017-06-09 11:43:26] /shop/ybkapi.php?act=ybkapi&op=settlement&cart_id=1496 ( act=ybkapi&op=settlement ) 
ERR: Db Error: You have an error in your SQL syntax; check the manual that corresponds to your MySQL server version for the right syntax to use near 'and deposit_method=17 and deposit_time>1496375006 LIMIT 1' at line 1
SELECT sum(deposit_money) FROM `33hao_ybk_deposit` WHERE member_id= and deposit_method=17 and deposit_time>1496375006 LIMIT 1  
[2017-06-09 11:43:37] /shop/ybkapi.php?act=ybkapi&op=settlement&cart_id=1496&member_id=58 ( act=ybkapi&op=settlement ) 
ERR: Db Error: Unknown character set: 'gbk'
SELECT * FROM `33hao_web_channel` WHERE ( channel_show = '1' ) ORDER BY convert(channel_name using gbk) asc,channel_id desc LIMIT 1000  
[2017-06-09 12:33:44] /shop/ybkapi.php?act=ybkapi&op=goodslist&type=coll&member_id=1 ( act=ybkapi&op=goodslist ) 
ERR: Db Error: Unknown character set: 'gbk'
SELECT * FROM `33hao_web_channel` WHERE ( channel_show = '1' ) ORDER BY convert(channel_name using gbk) asc,channel_id desc LIMIT 1000  
[2017-06-09 12:33:52] /shop/ybkapi.php?act=ybkapi&op=goodslist&type=coll&member_id=1 ( act=ybkapi&op=goodslist ) 
ERR: Db Error: Unknown character set: 'gbk'
SELECT * FROM `33hao_web_channel` WHERE ( channel_show = '1' ) ORDER BY convert(channel_name using gbk) asc,channel_id desc LIMIT 1000  
[2017-06-09 12:33:52] /shop/ybkapi.php?act=ybkapi&op=goodslist&type=coll&member_id=1 ( act=ybkapi&op=goodslist ) 
ERR: Db Error: Unknown column 'goods_id' in 'where clause'
SELECT goods_commonid FROM `33hao_goods_common` WHERE ( goods_id IN ('379') ) AND ( goods_attr NOT LIKE '%\"酒具附加品\"%' ) LIMIT 1000  
[2017-06-09 12:37:29] /shop/ybkapi.php?act=ybkapi&op=goodslist&type=coll&member_id=1 ( act=ybkapi&op=goodslist ) 
ERR: Db Error: Unknown character set: 'gbk'
SELECT * FROM `33hao_web_channel` WHERE ( channel_show = '1' ) ORDER BY convert(channel_name using gbk) asc,channel_id desc LIMIT 1000  
[2017-06-09 12:37:31] /shop/ybkapi.php?act=ybkapi&op=goodslist&type=coll&member_id=1 ( act=ybkapi&op=goodslist ) 
ERR: Db Error: Unknown character set: 'gbk'
SELECT * FROM `33hao_web_channel` WHERE ( channel_show = '1' ) ORDER BY convert(channel_name using gbk) asc,channel_id desc LIMIT 1000  
