[2017-06-02 13:26:25] /shop/ybkapi.php?act=ybkapi&op=toPay&member_id=1&method=wx ( act=ybkapi&op=topay ) 
ERR: Db Error: Unknown character set: 'gbk'
SELECT * FROM `33hao_web_channel` WHERE ( channel_show = '1' ) ORDER BY convert(channel_name using gbk) asc,channel_id desc LIMIT 1000  
[2017-06-02 13:26:25] /shop/ybkapi.php?act=ybkapi&op=toPay&member_id=1&method=wx ( act=ybkapi&op=topay ) 
ERR: Db Error: You have an error in your SQL syntax; check the manual that corresponds to your MySQL server version for the right syntax to use near 'and order.buyer_id =1 LIMIT 1' at line 1
SELECT order.pay_sn,order.order_amount,order_goods.goods_name FROM `33hao_order` AS `order` LEFT JOIN `33hao_order_goods` AS `order_goods` ON order.order_id=order_goods.order_id WHERE order.order_sn= and order.buyer_id =1 LIMIT 1  
[2017-06-02 13:27:06] /shop/ybkapi.php?act=ybkapi&op=toPay&member_id=1&method=wx&recharge=500 ( act=ybkapi&op=topay ) 
ERR: Db Error: Unknown character set: 'gbk'
SELECT * FROM `33hao_web_channel` WHERE ( channel_show = '1' ) ORDER BY convert(channel_name using gbk) asc,channel_id desc LIMIT 1000  
[2017-06-02 13:27:06] /shop/ybkapi.php?act=ybkapi&op=toPay&member_id=1&method=wx&recharge=500 ( act=ybkapi&op=topay ) 
ERR: Db Error: You have an error in your SQL syntax; check the manual that corresponds to your MySQL server version for the right syntax to use near 'and order.buyer_id =1 LIMIT 1' at line 1
SELECT order.pay_sn,order.order_amount,order_goods.goods_name FROM `33hao_order` AS `order` LEFT JOIN `33hao_order_goods` AS `order_goods` ON order.order_id=order_goods.order_id WHERE order.order_sn= and order.buyer_id =1 LIMIT 1  
[2017-06-02 13:44:49] /wxpay.php ( act=ybkapi&op=wxnotify ) 
ERR: Db Error: Unknown character set: 'gbk'
SELECT * FROM `33hao_web_channel` WHERE ( channel_show = '1' ) ORDER BY convert(channel_name using gbk) asc,channel_id desc LIMIT 1000  
[2017-06-02 13:45:36] /wxrecharge.php ( act=ybkapi&op=wxnotify ) 
ERR: Db Error: Unknown character set: 'gbk'
SELECT * FROM `33hao_web_channel` WHERE ( channel_show = '1' ) ORDER BY convert(channel_name using gbk) asc,channel_id desc LIMIT 1000  
[2017-06-02 13:45:44] /wxrecharge.php ( act=ybkapi&op=wxnotify ) 
ERR: Db Error: Unknown character set: 'gbk'
SELECT * FROM `33hao_web_channel` WHERE ( channel_show = '1' ) ORDER BY convert(channel_name using gbk) asc,channel_id desc LIMIT 1000  
[2017-06-02 13:45:46] /wxrecharge.php ( act=ybkapi&op=wxnotify ) 
ERR: Db Error: Unknown character set: 'gbk'
SELECT * FROM `33hao_web_channel` WHERE ( channel_show = '1' ) ORDER BY convert(channel_name using gbk) asc,channel_id desc LIMIT 1000  
[2017-06-02 13:45:50] / ( act=index&op=index ) 
ERR: Db Error: Unknown character set: 'gbk'
SELECT * FROM `33hao_web_channel` WHERE ( channel_show = '1' ) ORDER BY convert(channel_name using gbk) asc,channel_id desc LIMIT 1000  
[2017-06-02 13:45:55] /wxrecharge.php ( act=ybkapi&op=wxnotify ) 
ERR: Db Error: Unknown character set: 'gbk'
SELECT * FROM `33hao_web_channel` WHERE ( channel_show = '1' ) ORDER BY convert(channel_name using gbk) asc,channel_id desc LIMIT 1000  
[2017-06-02 13:46:40] /wxrecharge.php ( act=ybkapi&op=wxnotify ) 
ERR: Db Error: Unknown character set: 'gbk'
SELECT * FROM `33hao_web_channel` WHERE ( channel_show = '1' ) ORDER BY convert(channel_name using gbk) asc,channel_id desc LIMIT 1000  
[2017-06-02 13:47:43] /shop/ybkapi.php?act=ybkapi&op=likewxOp ( act=ybkapi&op=likewxop ) 
ERR: Db Error: Unknown character set: 'gbk'
SELECT * FROM `33hao_web_channel` WHERE ( channel_show = '1' ) ORDER BY convert(channel_name using gbk) asc,channel_id desc LIMIT 1000  
[2017-06-02 13:47:45] /shop/ybkapi.php?act=ybkapi&op=likewx ( act=ybkapi&op=likewx ) 
ERR: Db Error: Unknown character set: 'gbk'
SELECT * FROM `33hao_web_channel` WHERE ( channel_show = '1' ) ORDER BY convert(channel_name using gbk) asc,channel_id desc LIMIT 1000  
