[2017-06-20 13:36:23] /shop/index.php?act=ybkapi&op=wxnotify ( act=ybkapi&op=wxnotify ) 
ERR: Db Error: Unknown character set: 'gbk'
SELECT * FROM `33hao_web_channel` WHERE ( channel_show = '1' ) ORDER BY convert(channel_name using gbk) asc,channel_id desc LIMIT 1000  
[2017-06-20 13:37:03] /shop/index.php?act=ybkapi&op=wxnotify ( act=ybkapi&op=wxnotify ) 
ERR: Db Error: Unknown character set: 'gbk'
SELECT * FROM `33hao_web_channel` WHERE ( channel_show = '1' ) ORDER BY convert(channel_name using gbk) asc,channel_id desc LIMIT 1000  
[2017-06-20 13:37:45] /shop/index.php?act=ybkapi&op=wxnotify ( act=ybkapi&op=wxnotify ) 
ERR: Db Error: Unknown character set: 'gbk'
SELECT * FROM `33hao_web_channel` WHERE ( channel_show = '1' ) ORDER BY convert(channel_name using gbk) asc,channel_id desc LIMIT 1000  
[2017-06-20 13:38:51] /shop/index.php?act=ybkapi&op=wxnotify ( act=ybkapi&op=wxnotify ) 
ERR: Db Error: Unknown character set: 'gbk'
SELECT * FROM `33hao_web_channel` WHERE ( channel_show = '1' ) ORDER BY convert(channel_name using gbk) asc,channel_id desc LIMIT 1000  
[2017-06-20 13:41:36] /shop/index.php?act=ybkapi&op=wxnotify ( act=ybkapi&op=wxnotify ) 
ERR: Db Error: Unknown character set: 'gbk'
SELECT * FROM `33hao_web_channel` WHERE ( channel_show = '1' ) ORDER BY convert(channel_name using gbk) asc,channel_id desc LIMIT 1000  
[2017-06-20 13:48:56] /shop/index.php?act=ybkapi&op=likewx ( act=ybkapi&op=likewx ) 
ERR: Db Error: Unknown character set: 'gbk'
SELECT * FROM `33hao_web_channel` WHERE ( channel_show = '1' ) ORDER BY convert(channel_name using gbk) asc,channel_id desc LIMIT 1000  
[2017-06-20 13:48:57] /wxrecharge.php ( act=ybkapi&op=wxnotify ) 
ERR: Db Error: Unknown character set: 'gbk'
SELECT * FROM `33hao_web_channel` WHERE ( channel_show = '1' ) ORDER BY convert(channel_name using gbk) asc,channel_id desc LIMIT 1000  
[2017-06-20 13:49:38] /shop/index.php?act=ybkapi&op=likewx ( act=ybkapi&op=likewx ) 
ERR: Db Error: Unknown character set: 'gbk'
SELECT * FROM `33hao_web_channel` WHERE ( channel_show = '1' ) ORDER BY convert(channel_name using gbk) asc,channel_id desc LIMIT 1000  
[2017-06-20 13:54:40] /shop/index.php?act=ybkapi&op=likewx ( act=ybkapi&op=likewx ) 
ERR: Db Error: Unknown character set: 'gbk'
SELECT * FROM `33hao_web_channel` WHERE ( channel_show = '1' ) ORDER BY convert(channel_name using gbk) asc,channel_id desc LIMIT 1000  
[2017-06-20 13:54:41] /wxrecharge.php ( act=ybkapi&op=wxnotify ) 
ERR: Db Error: Unknown character set: 'gbk'
SELECT * FROM `33hao_web_channel` WHERE ( channel_show = '1' ) ORDER BY convert(channel_name using gbk) asc,channel_id desc LIMIT 1000  
[2017-06-20 13:55:19] /shop/index.php?act=ybkapi&op=likewx ( act=ybkapi&op=likewx ) 
ERR: Db Error: Unknown character set: 'gbk'
SELECT * FROM `33hao_web_channel` WHERE ( channel_show = '1' ) ORDER BY convert(channel_name using gbk) asc,channel_id desc LIMIT 1000  
[2017-06-20 13:55:20] /wxrecharge.php ( act=ybkapi&op=wxnotify ) 
ERR: Db Error: Unknown character set: 'gbk'
SELECT * FROM `33hao_web_channel` WHERE ( channel_show = '1' ) ORDER BY convert(channel_name using gbk) asc,channel_id desc LIMIT 1000  
[2017-06-20 13:55:21] /shop/index.php?act=ybkapi&op=likewx ( act=ybkapi&op=likewx ) 
ERR: Db Error: Unknown character set: 'gbk'
SELECT * FROM `33hao_web_channel` WHERE ( channel_show = '1' ) ORDER BY convert(channel_name using gbk) asc,channel_id desc LIMIT 1000  
[2017-06-20 13:55:21] /wxrecharge.php ( act=ybkapi&op=wxnotify ) 
ERR: Db Error: Unknown character set: 'gbk'
SELECT * FROM `33hao_web_channel` WHERE ( channel_show = '1' ) ORDER BY convert(channel_name using gbk) asc,channel_id desc LIMIT 1000  
[2017-06-20 13:57:00] /shop/index.php?act=ybkapi&op=likewx ( act=ybkapi&op=likewx ) 
ERR: Db Error: Unknown character set: 'gbk'
SELECT * FROM `33hao_web_channel` WHERE ( channel_show = '1' ) ORDER BY convert(channel_name using gbk) asc,channel_id desc LIMIT 1000  
[2017-06-20 13:59:28] /shop/index.php?act=ybkapi&op=likewx ( act=ybkapi&op=likewx ) 
ERR: Db Error: Unknown character set: 'gbk'
SELECT * FROM `33hao_web_channel` WHERE ( channel_show = '1' ) ORDER BY convert(channel_name using gbk) asc,channel_id desc LIMIT 1000  
[2017-06-20 14:00:25] /shop/index.php?act=ybkapi&op=likewx ( act=ybkapi&op=likewx ) 
ERR: Db Error: Unknown character set: 'gbk'
SELECT * FROM `33hao_web_channel` WHERE ( channel_show = '1' ) ORDER BY convert(channel_name using gbk) asc,channel_id desc LIMIT 1000  
[2017-06-20 14:00:26] /wxpay.php ( act=ybkapi&op=wxnotify ) 
ERR: Db Error: Unknown character set: 'gbk'
SELECT * FROM `33hao_web_channel` WHERE ( channel_show = '1' ) ORDER BY convert(channel_name using gbk) asc,channel_id desc LIMIT 1000  
[2017-06-20 14:00:48] /shop/index.php?act=ybkapi&op=likewx ( act=ybkapi&op=likewx ) 
ERR: Db Error: Unknown character set: 'gbk'
SELECT * FROM `33hao_web_channel` WHERE ( channel_show = '1' ) ORDER BY convert(channel_name using gbk) asc,channel_id desc LIMIT 1000  
[2017-06-20 14:01:56] /shop/index.php?act=ybkapi&op=likewx ( act=ybkapi&op=likewx ) 
ERR: Db Error: Unknown character set: 'gbk'
SELECT * FROM `33hao_web_channel` WHERE ( channel_show = '1' ) ORDER BY convert(channel_name using gbk) asc,channel_id desc LIMIT 1000  
[2017-06-20 14:02:04] /shop/index.php?act=ybkapi&op=likewx ( act=ybkapi&op=likewx ) 
ERR: Db Error: Unknown character set: 'gbk'
SELECT * FROM `33hao_web_channel` WHERE ( channel_show = '1' ) ORDER BY convert(channel_name using gbk) asc,channel_id desc LIMIT 1000  
[2017-06-20 14:02:21] /shop/index.php?act=ybkapi&op=wxnotify ( act=ybkapi&op=wxnotify ) 
ERR: Db Error: Unknown character set: 'gbk'
SELECT * FROM `33hao_web_channel` WHERE ( channel_show = '1' ) ORDER BY convert(channel_name using gbk) asc,channel_id desc LIMIT 1000  
[2017-06-20 14:03:09] /shop/index.php?act=ybkapi&op=wxnotify ( act=ybkapi&op=wxnotify ) 
ERR: Db Error: Unknown character set: 'gbk'
SELECT * FROM `33hao_web_channel` WHERE ( channel_show = '1' ) ORDER BY convert(channel_name using gbk) asc,channel_id desc LIMIT 1000  
[2017-06-20 14:03:33] /shop/index.php?act=ybkapi&op=wxnotify ( act=ybkapi&op=wxnotify ) 
ERR: Db Error: Unknown character set: 'gbk'
SELECT * FROM `33hao_web_channel` WHERE ( channel_show = '1' ) ORDER BY convert(channel_name using gbk) asc,channel_id desc LIMIT 1000  
[2017-06-20 14:03:54] /shop/index.php?act=ybkapi&op=likewx ( act=ybkapi&op=likewx ) 
ERR: Db Error: Unknown character set: 'gbk'
SELECT * FROM `33hao_web_channel` WHERE ( channel_show = '1' ) ORDER BY convert(channel_name using gbk) asc,channel_id desc LIMIT 1000  
[2017-06-20 14:11:24] /shop/index.php?act=ybkapi&op=wxnotify ( act=ybkapi&op=wxnotify ) 
ERR: Db Error: Unknown character set: 'gbk'
SELECT * FROM `33hao_web_channel` WHERE ( channel_show = '1' ) ORDER BY convert(channel_name using gbk) asc,channel_id desc LIMIT 1000  
[2017-06-20 14:19:50] / ( act=index&op=index ) 
ERR: Db Error: Unknown character set: 'gbk'
SELECT * FROM `33hao_web_channel` WHERE ( channel_show = '1' ) ORDER BY convert(channel_name using gbk) asc,channel_id desc LIMIT 1000  
[2017-06-20 14:20:40] / ( act=index&op=index ) 
ERR: Db Error: Unknown character set: 'gbk'
SELECT * FROM `33hao_web_channel` WHERE ( channel_show = '1' ) ORDER BY convert(channel_name using gbk) asc,channel_id desc LIMIT 1000  
[2017-06-20 14:23:11] /shop/index.php?act=ybkapi&op=orderinfo ( act=ybkapi&op=orderinfo ) 
ERR: Db Error: Unknown character set: 'gbk'
SELECT * FROM `33hao_web_channel` WHERE ( channel_show = '1' ) ORDER BY convert(channel_name using gbk) asc,channel_id desc LIMIT 1000  
[2017-06-20 14:23:11] /shop/index.php?act=ybkapi&op=orderinfo ( act=ybkapi&op=orderinfo ) 
ERR: Db Error: You have an error in your SQL syntax; check the manual that corresponds to your MySQL server version for the right syntax to use near 'LIMIT 1000' at line 1
SELECT goods_id,goods_name,goods_pay_price,goods_num,goods_image FROM `33hao_order_goods` WHERE order_id = LIMIT 1000  
[2017-06-20 14:23:50] /shop/index.php?act=ybkapi&op=orderinfo&member_id=83&order_sn=8000620397499481 ( act=ybkapi&op=orderinfo ) 
ERR: Db Error: Unknown character set: 'gbk'
SELECT * FROM `33hao_web_channel` WHERE ( channel_show = '1' ) ORDER BY convert(channel_name using gbk) asc,channel_id desc LIMIT 1000  
