[2017-01-12 10:01:45] /shop/ybkapi.php?act=ybkapi&op=received ( act=ybkapi&op=received ) 
ERR: Db Error: Unknown character set: 'gbk'
SELECT * FROM `33hao_web_channel` WHERE ( channel_show = '1' ) ORDER BY convert(channel_name using gbk) asc,channel_id desc LIMIT 1000  
[2017-01-12 10:01:46] /favicon.ico ( act=index&op=index ) 
ERR: Db Error: Unknown character set: 'gbk'
SELECT * FROM `33hao_web_channel` WHERE ( channel_show = '1' ) ORDER BY convert(channel_name using gbk) asc,channel_id desc LIMIT 1000  
[2017-01-12 10:01:46] /favicon.ico ( act=index&op=index ) 
ERR: Db Error: Unknown character set: 'gbk'
SELECT * FROM `33hao_web_channel` WHERE ( channel_show = '1' ) ORDER BY convert(channel_name using gbk) asc,channel_id desc LIMIT 1000  
[2017-01-12 10:02:01] /shop/ybkapi.php?act=ybkapi&op=received&member_id=47&token=123 ( act=ybkapi&op=received ) 
ERR: Db Error: Unknown character set: 'gbk'
SELECT * FROM `33hao_web_channel` WHERE ( channel_show = '1' ) ORDER BY convert(channel_name using gbk) asc,channel_id desc LIMIT 1000  
[2017-01-12 10:02:09] /shop/ybkapi.php?act=ybkapi&op=received&member_id=47& ( act=ybkapi&op=received ) 
ERR: Db Error: Unknown character set: 'gbk'
SELECT * FROM `33hao_web_channel` WHERE ( channel_show = '1' ) ORDER BY convert(channel_name using gbk) asc,channel_id desc LIMIT 1000  
[2017-01-12 10:02:35] /shop/ybkapi.php?act=ybkapi&op=received&member_id=47&order_sn=8001228028586489 ( act=ybkapi&op=received ) 
ERR: Db Error: Unknown character set: 'gbk'
SELECT * FROM `33hao_web_channel` WHERE ( channel_show = '1' ) ORDER BY convert(channel_name using gbk) asc,channel_id desc LIMIT 1000  
[2017-01-12 10:03:53] /shop/ybkapi.php?act=ybkapi&op=received&member_id=47&order_sn=8001228028586489 ( act=ybkapi&op=received ) 
ERR: Db Error: Unknown character set: 'gbk'
SELECT * FROM `33hao_web_channel` WHERE ( channel_show = '1' ) ORDER BY convert(channel_name using gbk) asc,channel_id desc LIMIT 1000  
[2017-01-12 10:03:53] /shop/ybkapi.php?act=ybkapi&op=received&member_id=47&order_sn=8001228028586489 ( act=ybkapi&op=received ) 
ERR: Db Error: Table 'shop.33hao_' doesn't exist
UPDATE `33hao_` SET order_state='40' WHERE order_state=30 and buyer_id=47 and order_sn=8001228028586489
[2017-01-12 10:03:55] /shop/ybkapi.php?act=ybkapi&op=received&member_id=47&order_sn=8001228028586489 ( act=ybkapi&op=received ) 
ERR: Db Error: Unknown character set: 'gbk'
SELECT * FROM `33hao_web_channel` WHERE ( channel_show = '1' ) ORDER BY convert(channel_name using gbk) asc,channel_id desc LIMIT 1000  
[2017-01-12 10:03:55] /shop/ybkapi.php?act=ybkapi&op=received&member_id=47&order_sn=8001228028586489 ( act=ybkapi&op=received ) 
ERR: Db Error: Table 'shop.33hao_' doesn't exist
UPDATE `33hao_` SET order_state='40' WHERE order_state=30 and buyer_id=47 and order_sn=8001228028586489
[2017-01-12 10:04:11] /shop/ybkapi.php?act=ybkapi&op=received&member_id=47&order_sn=8000107857366144 ( act=ybkapi&op=received ) 
ERR: Db Error: Unknown character set: 'gbk'
SELECT * FROM `33hao_web_channel` WHERE ( channel_show = '1' ) ORDER BY convert(channel_name using gbk) asc,channel_id desc LIMIT 1000  
[2017-01-12 10:04:11] /shop/ybkapi.php?act=ybkapi&op=received&member_id=47&order_sn=8000107857366144 ( act=ybkapi&op=received ) 
ERR: Db Error: Table 'shop.33hao_' doesn't exist
UPDATE `33hao_` SET order_state='40' WHERE order_state=30 and buyer_id=47 and order_sn=8000107857366144
[2017-01-12 10:04:20] /shop/ybkapi.php?act=ybkapi&op=received&member_id=47&order_sn=8000112852324313 ( act=ybkapi&op=received ) 
ERR: Db Error: Unknown character set: 'gbk'
SELECT * FROM `33hao_web_channel` WHERE ( channel_show = '1' ) ORDER BY convert(channel_name using gbk) asc,channel_id desc LIMIT 1000  
[2017-01-12 10:04:20] /shop/ybkapi.php?act=ybkapi&op=received&member_id=47&order_sn=8000112852324313 ( act=ybkapi&op=received ) 
ERR: Db Error: Table 'shop.33hao_' doesn't exist
UPDATE `33hao_` SET order_state='40' WHERE order_state=30 and buyer_id=47 and order_sn=8000112852324313
[2017-01-12 10:04:45] /shop/ybkapi.php?act=ybkapi&op=received&member_id=47&order_sn=8000112852324313 ( act=ybkapi&op=received ) 
ERR: Db Error: Unknown character set: 'gbk'
SELECT * FROM `33hao_web_channel` WHERE ( channel_show = '1' ) ORDER BY convert(channel_name using gbk) asc,channel_id desc LIMIT 1000  
[2017-01-12 10:04:45] /shop/ybkapi.php?act=ybkapi&op=received&member_id=47&order_sn=8000112852324313 ( act=ybkapi&op=received ) 
ERR: Db Error: Table 'shop.33hao_' doesn't exist
UPDATE `33hao_` SET order_state='40' WHERE order_state=30 and buyer_id=47 and order_sn=8000112852324313
[2017-01-12 10:04:46] /shop/ybkapi.php?act=ybkapi&op=received&member_id=47&order_sn=8000112852324313 ( act=ybkapi&op=received ) 
ERR: Db Error: Unknown character set: 'gbk'
SELECT * FROM `33hao_web_channel` WHERE ( channel_show = '1' ) ORDER BY convert(channel_name using gbk) asc,channel_id desc LIMIT 1000  
[2017-01-12 10:04:46] /shop/ybkapi.php?act=ybkapi&op=received&member_id=47&order_sn=8000112852324313 ( act=ybkapi&op=received ) 
ERR: Db Error: Table 'shop.33hao_' doesn't exist
UPDATE `33hao_` SET order_state='40' WHERE order_state=30 and buyer_id=47 and order_sn=8000112852324313
[2017-01-12 10:07:00] /shop/ybkapi.php?act=ybkapi&op=received&member_id=47&order_sn=8000112852324313 ( act=ybkapi&op=received ) 
ERR: Db Error: Unknown character set: 'gbk'
SELECT * FROM `33hao_web_channel` WHERE ( channel_show = '1' ) ORDER BY convert(channel_name using gbk) asc,channel_id desc LIMIT 1000  
[2017-01-12 10:07:00] /shop/ybkapi.php?act=ybkapi&op=received&member_id=47&order_sn=8000112852324313 ( act=ybkapi&op=received ) 
ERR: Db Error: Table 'shop.33hao_' doesn't exist
SELECT * FROM `33hao_` WHERE order_state=30 and buyer_id=47 and order_sn=8000112852324313 LIMIT 1  
[2017-01-12 10:07:00] /shop/ybkapi.php?act=ybkapi&op=received&member_id=47&order_sn=8000112852324313 ( act=ybkapi&op=received ) 
ERR: Db Error: Table 'shop.33hao_' doesn't exist
UPDATE `33hao_` SET order_state='40' WHERE order_state=30 and buyer_id=47 and order_sn=8000112852324313
[2017-01-12 10:07:28] /shop/ybkapi.php?act=ybkapi&op=received&member_id=47&order_sn=8000112852324313 ( act=ybkapi&op=received ) 
ERR: Db Error: Unknown character set: 'gbk'
SELECT * FROM `33hao_web_channel` WHERE ( channel_show = '1' ) ORDER BY convert(channel_name using gbk) asc,channel_id desc LIMIT 1000  
[2017-01-12 10:07:28] /shop/ybkapi.php?act=ybkapi&op=received&member_id=47&order_sn=8000112852324313 ( act=ybkapi&op=received ) 
ERR: Db Error: Table 'shop.33hao_' doesn't exist
SELECT * FROM `33hao_` WHERE order_state=30 and buyer_id=47 and order_sn=8000112852324313 LIMIT 1  
[2017-01-12 10:07:28] /shop/ybkapi.php?act=ybkapi&op=received&member_id=47&order_sn=8000112852324313 ( act=ybkapi&op=received ) 
ERR: Db Error: Table 'shop.33hao_' doesn't exist
UPDATE `33hao_` SET order_state='40' WHERE order_state=30 and buyer_id=47 and order_sn=8000112852324313
[2017-01-12 10:07:56] /shop/ybkapi.php?act=ybkapi&op=received&member_id=47&order_sn=8000112852324313 ( act=ybkapi&op=received ) 
ERR: Db Error: Unknown character set: 'gbk'
SELECT * FROM `33hao_web_channel` WHERE ( channel_show = '1' ) ORDER BY convert(channel_name using gbk) asc,channel_id desc LIMIT 1000  
[2017-01-12 10:07:56] /shop/ybkapi.php?act=ybkapi&op=received&member_id=47&order_sn=8000112852324313 ( act=ybkapi&op=received ) 
ERR: Db Error: Table 'shop.33hao_' doesn't exist
SELECT * FROM `33hao_` WHERE order_state=30 and buyer_id=47 and order_sn=8000112852324313 LIMIT 1  
[2017-01-12 10:07:56] /shop/ybkapi.php?act=ybkapi&op=received&member_id=47&order_sn=8000112852324313 ( act=ybkapi&op=received ) 
ERR: Db Error: Table 'shop.33hao_' doesn't exist
UPDATE `33hao_` SET order_state='40' WHERE order_state=30 and buyer_id=47 and order_sn=8000112852324313
[2017-01-12 10:09:02] /shop/ybkapi.php?act=ybkapi&op=received&member_id=47&order_sn=8000112852324313 ( act=ybkapi&op=received ) 
ERR: Db Error: Unknown character set: 'gbk'
SELECT * FROM `33hao_web_channel` WHERE ( channel_show = '1' ) ORDER BY convert(channel_name using gbk) asc,channel_id desc LIMIT 1000  
[2017-01-12 10:12:40] /shop/ybkapi.php?act=ybkapi&op=received&member_id=47&order_sn=8000112852324313 ( act=ybkapi&op=received ) 
ERR: Db Error: Unknown character set: 'gbk'
SELECT * FROM `33hao_web_channel` WHERE ( channel_show = '1' ) ORDER BY convert(channel_name using gbk) asc,channel_id desc LIMIT 1000  
[2017-01-12 10:12:40] /shop/ybkapi.php?act=ybkapi&op=received&member_id=47&order_sn=8000112852324313 ( act=ybkapi&op=received ) 
ERR: Db Error: Table 'shop.33hao_' doesn't exist
UPDATE `33hao_` SET order_state='40' WHERE order_state=30 and buyer_id=47 and order_sn=8000112852324313
[2017-01-12 10:12:42] /shop/ybkapi.php?act=ybkapi&op=received&member_id=47&order_sn=8000112852324313 ( act=ybkapi&op=received ) 
ERR: Db Error: Unknown character set: 'gbk'
SELECT * FROM `33hao_web_channel` WHERE ( channel_show = '1' ) ORDER BY convert(channel_name using gbk) asc,channel_id desc LIMIT 1000  
[2017-01-12 10:12:42] /shop/ybkapi.php?act=ybkapi&op=received&member_id=47&order_sn=8000112852324313 ( act=ybkapi&op=received ) 
ERR: Db Error: Table 'shop.33hao_' doesn't exist
UPDATE `33hao_` SET order_state='40' WHERE order_state=30 and buyer_id=47 and order_sn=8000112852324313
[2017-01-12 10:13:14] /shop/ybkapi.php?act=ybkapi&op=received&member_id=47&order_sn=8000112852324313 ( act=ybkapi&op=received ) 
ERR: Db Error: Unknown character set: 'gbk'
SELECT * FROM `33hao_web_channel` WHERE ( channel_show = '1' ) ORDER BY convert(channel_name using gbk) asc,channel_id desc LIMIT 1000  
[2017-01-12 15:28:11] /shop/ybkapi.php?act=ybkapi&op=orderlist&order_sn=8001216752411507&member_id=47 ( act=ybkapi&op=orderlist ) 
ERR: Db Error: Unknown character set: 'gbk'
SELECT * FROM `33hao_web_channel` WHERE ( channel_show = '1' ) ORDER BY convert(channel_name using gbk) asc,channel_id desc LIMIT 1000  
[2017-01-12 15:28:12] /favicon.ico ( act=index&op=index ) 
ERR: Db Error: Unknown character set: 'gbk'
SELECT * FROM `33hao_web_channel` WHERE ( channel_show = '1' ) ORDER BY convert(channel_name using gbk) asc,channel_id desc LIMIT 1000  
[2017-01-12 15:28:12] /favicon.ico ( act=index&op=index ) 
ERR: Db Error: Unknown character set: 'gbk'
SELECT * FROM `33hao_web_channel` WHERE ( channel_show = '1' ) ORDER BY convert(channel_name using gbk) asc,channel_id desc LIMIT 1000  
[2017-01-12 15:28:31] /shop/ybkapi.php?act=ybkapi&op=order&order_sn=8001216752411507&member_id=47 ( act=ybkapi&op=order ) 
ERR: Db Error: Unknown character set: 'gbk'
SELECT * FROM `33hao_web_channel` WHERE ( channel_show = '1' ) ORDER BY convert(channel_name using gbk) asc,channel_id desc LIMIT 1000  
[2017-01-12 15:28:31] /shop/ybkapi.php?act=ybkapi&op=order&order_sn=8001216752411507&member_id=47 ( act=ybkapi&op=order ) 
ERR: Db Error: You have an error in your SQL syntax; check the manual that corresponds to your MySQL server version for the right syntax to use near 'LIMIT 1000' at line 1
SELECT goods_id,goods_name,goods_pay_price,goods_num,goods_image FROM `33hao_order_goods` WHERE order_id = LIMIT 1000  
[2017-01-12 15:28:31] /shop/ybkapi.php?act=ybkapi&op=order&order_sn=8001216752411507&member_id=47 ( act=ybkapi&op=order ) 
ERR: Db Error: You have an error in your SQL syntax; check the manual that corresponds to your MySQL server version for the right syntax to use near 'LIMIT 1' at line 1
SELECT * FROM `33hao_order_common` WHERE order_id= LIMIT 1  
[2017-01-12 15:28:57] /shop/ybkapi.php?act=ybkapi&op=order&order_sn=8000112956399182 ( act=ybkapi&op=order ) 
ERR: Db Error: Unknown character set: 'gbk'
SELECT * FROM `33hao_web_channel` WHERE ( channel_show = '1' ) ORDER BY convert(channel_name using gbk) asc,channel_id desc LIMIT 1000  
[2017-01-12 15:28:57] /shop/ybkapi.php?act=ybkapi&op=order&order_sn=8000112956399182 ( act=ybkapi&op=order ) 
ERR: Db Error: You have an error in your SQL syntax; check the manual that corresponds to your MySQL server version for the right syntax to use near 'LIMIT 1000' at line 1
SELECT goods_id,goods_name,goods_pay_price,goods_num,goods_image FROM `33hao_order_goods` WHERE order_id = LIMIT 1000  
[2017-01-12 15:28:57] /shop/ybkapi.php?act=ybkapi&op=order&order_sn=8000112956399182 ( act=ybkapi&op=order ) 
ERR: Db Error: You have an error in your SQL syntax; check the manual that corresponds to your MySQL server version for the right syntax to use near 'LIMIT 1' at line 1
SELECT * FROM `33hao_order_common` WHERE order_id= LIMIT 1  
[2017-01-12 15:28:59] /shop/ybkapi.php?act=ybkapi&op=order&order_sn=8000112956399182 ( act=ybkapi&op=order ) 
ERR: Db Error: Unknown character set: 'gbk'
SELECT * FROM `33hao_web_channel` WHERE ( channel_show = '1' ) ORDER BY convert(channel_name using gbk) asc,channel_id desc LIMIT 1000  
[2017-01-12 15:28:59] /shop/ybkapi.php?act=ybkapi&op=order&order_sn=8000112956399182 ( act=ybkapi&op=order ) 
ERR: Db Error: You have an error in your SQL syntax; check the manual that corresponds to your MySQL server version for the right syntax to use near 'LIMIT 1000' at line 1
SELECT goods_id,goods_name,goods_pay_price,goods_num,goods_image FROM `33hao_order_goods` WHERE order_id = LIMIT 1000  
[2017-01-12 15:28:59] /shop/ybkapi.php?act=ybkapi&op=order&order_sn=8000112956399182 ( act=ybkapi&op=order ) 
ERR: Db Error: You have an error in your SQL syntax; check the manual that corresponds to your MySQL server version for the right syntax to use near 'LIMIT 1' at line 1
SELECT * FROM `33hao_order_common` WHERE order_id= LIMIT 1  
[2017-01-12 15:29:08] /shop/ybkapi.php?act=ybkapi&op=order&order_sn=8000112956399182&member_id=47 ( act=ybkapi&op=order ) 
ERR: Db Error: Unknown character set: 'gbk'
SELECT * FROM `33hao_web_channel` WHERE ( channel_show = '1' ) ORDER BY convert(channel_name using gbk) asc,channel_id desc LIMIT 1000  
[2017-01-12 15:29:20] /shop/ybkapi.php?act=ybkapi&op=order&order_sn=8000112956399182&member_id=47 ( act=ybkapi&op=order ) 
ERR: Db Error: Unknown character set: 'gbk'
SELECT * FROM `33hao_web_channel` WHERE ( channel_show = '1' ) ORDER BY convert(channel_name using gbk) asc,channel_id desc LIMIT 1000  
[2017-01-12 15:33:06] /shop/ybkapi.php?act=ybkapi&op=order&order_sn=8000112956399182&member_id=47 ( act=ybkapi&op=order ) 
ERR: Db Error: Unknown character set: 'gbk'
SELECT * FROM `33hao_web_channel` WHERE ( channel_show = '1' ) ORDER BY convert(channel_name using gbk) asc,channel_id desc LIMIT 1000  
[2017-01-12 15:33:23] /shop/ybkapi.php?act=ybkapi&op=order&order_sn=8000112956399182&member_id=47 ( act=ybkapi&op=order ) 
ERR: Db Error: Unknown character set: 'gbk'
SELECT * FROM `33hao_web_channel` WHERE ( channel_show = '1' ) ORDER BY convert(channel_name using gbk) asc,channel_id desc LIMIT 1000  
[2017-01-12 15:34:44] /shop/ybkapi.php?act=ybkapi&op=order&order_sn=8000112956399182&member_id=47 ( act=ybkapi&op=order ) 
ERR: Db Error: Unknown character set: 'gbk'
SELECT * FROM `33hao_web_channel` WHERE ( channel_show = '1' ) ORDER BY convert(channel_name using gbk) asc,channel_id desc LIMIT 1000  
[2017-01-12 15:35:20] /shop/ybkapi.php?act=ybkapi&op=orderlist&member_id=47 ( act=ybkapi&op=orderlist ) 
ERR: Db Error: Unknown character set: 'gbk'
SELECT * FROM `33hao_web_channel` WHERE ( channel_show = '1' ) ORDER BY convert(channel_name using gbk) asc,channel_id desc LIMIT 1000  
[2017-01-12 15:35:33] /shop/ybkapi.php?act=ybkapi&op=orderlist&member_id=47 ( act=ybkapi&op=orderlist ) 
ERR: Db Error: Unknown character set: 'gbk'
SELECT * FROM `33hao_web_channel` WHERE ( channel_show = '1' ) ORDER BY convert(channel_name using gbk) asc,channel_id desc LIMIT 1000  
[2017-01-12 15:35:58] /shop/ybkapi.php?act=ybkapi&op=orderlist&member_id=47 ( act=ybkapi&op=orderlist ) 
ERR: Db Error: Unknown character set: 'gbk'
SELECT * FROM `33hao_web_channel` WHERE ( channel_show = '1' ) ORDER BY convert(channel_name using gbk) asc,channel_id desc LIMIT 1000  
[2017-01-12 15:36:39] /shop/ybkapi.php?act=ybkapi&op=orderlist&member_id=47 ( act=ybkapi&op=orderlist ) 
ERR: Db Error: Unknown character set: 'gbk'
SELECT * FROM `33hao_web_channel` WHERE ( channel_show = '1' ) ORDER BY convert(channel_name using gbk) asc,channel_id desc LIMIT 1000  
[2017-01-12 15:36:42] /shop/ybkapi.php?act=ybkapi&op=orderlist&member_id=47 ( act=ybkapi&op=orderlist ) 
ERR: Db Error: Unknown character set: 'gbk'
SELECT * FROM `33hao_web_channel` WHERE ( channel_show = '1' ) ORDER BY convert(channel_name using gbk) asc,channel_id desc LIMIT 1000  
[2017-01-12 15:36:44] /shop/ybkapi.php?act=ybkapi&op=orderlist&member_id=47 ( act=ybkapi&op=orderlist ) 
ERR: Db Error: Unknown character set: 'gbk'
SELECT * FROM `33hao_web_channel` WHERE ( channel_show = '1' ) ORDER BY convert(channel_name using gbk) asc,channel_id desc LIMIT 1000  
[2017-01-12 15:36:45] /shop/ybkapi.php?act=ybkapi&op=orderlist&member_id=47 ( act=ybkapi&op=orderlist ) 
ERR: Db Error: Unknown character set: 'gbk'
SELECT * FROM `33hao_web_channel` WHERE ( channel_show = '1' ) ORDER BY convert(channel_name using gbk) asc,channel_id desc LIMIT 1000  
[2017-01-12 17:56:49] /shop/ybkapi.php?act=ybkapi&op=orderlist&member_id=47 ( act=ybkapi&op=orderlist ) 
ERR: Db Error: Unknown character set: 'gbk'
SELECT * FROM `33hao_web_channel` WHERE ( channel_show = '1' ) ORDER BY convert(channel_name using gbk) asc,channel_id desc LIMIT 1000  
